10:18:02: Creating resource group General
10:18:02: Creating resource group OgreInternal
10:18:02: Creating resource group OgreAutodetect
10:18:02: SceneManagerFactory for type 'DefaultSceneManager' registered.
10:18:02: Registering ResourceManager for type Material
10:18:02: Registering ResourceManager for type Mesh
10:18:02: Registering ResourceManager for type Skeleton
10:18:02: MovableObjectFactory for type 'ParticleSystem' registered.
10:18:02: ArchiveFactory for archive type FileSystem registered.
10:18:02: ArchiveFactory for archive type Zip registered.
10:18:02: ArchiveFactory for archive type EmbeddedZip registered.
10:18:02: DDS codec registering
10:18:02: ETC codec registering
10:18:02: Registering ResourceManager for type HighLevelGpuProgram
10:18:02: Registering ResourceManager for type Compositor
10:18:02: MovableObjectFactory for type 'Entity' registered.
10:18:02: MovableObjectFactory for type 'Light' registered.
10:18:02: MovableObjectFactory for type 'BillboardSet' registered.
10:18:02: MovableObjectFactory for type 'ManualObject' registered.
10:18:02: MovableObjectFactory for type 'BillboardChain' registered.
10:18:02: MovableObjectFactory for type 'RibbonTrail' registered.
10:18:02: Loading library C:/Users/lucas/Desktop/GBC College/Semester 05/Game Engine DEV/Game-Engine-Development---Assignment-1/OrgreTemplateV2/OrgreTemplateV2/x64/Debug/.\RenderSystem_Direct3D11_d.dll
10:18:02: Installing plugin: D3D11 RenderSystem
10:18:02: D3D11: Direct3D11 Rendering Subsystem created.
10:18:03: D3D11: Driver Detection Starts
10:18:03: D3D11: "Intel(R) UHD Graphics 630"
10:18:03: D3D11: "NVIDIA GeForce GTX 1650"
10:18:03: D3D11: "Microsoft Basic Render Driver (software)"
10:18:03: D3D11: Driver Detection Ends
10:18:03: Plugin successfully installed
10:18:03: Loading library C:/Users/lucas/Desktop/GBC College/Semester 05/Game Engine DEV/Game-Engine-Development---Assignment-1/OrgreTemplateV2/OrgreTemplateV2/x64/Debug/.\RenderSystem_GL_d.dll
10:18:03: Installing plugin: GL RenderSystem
10:18:03: OpenGL Rendering Subsystem created.
10:18:03: Plugin successfully installed
10:18:03: Loading library C:/Users/lucas/Desktop/GBC College/Semester 05/Game Engine DEV/Game-Engine-Development---Assignment-1/OrgreTemplateV2/OrgreTemplateV2/x64/Debug/.\RenderSystem_GL3Plus_d.dll
10:18:03: Installing plugin: GL 3+ RenderSystem
10:18:03: OpenGL 3+ Rendering Subsystem created.
10:18:03: Plugin successfully installed
10:18:03: Loading library C:/Users/lucas/Desktop/GBC College/Semester 05/Game Engine DEV/Game-Engine-Development---Assignment-1/OrgreTemplateV2/OrgreTemplateV2/x64/Debug/.\Plugin_ParticleFX_d.dll
10:18:03: Installing plugin: ParticleFX
10:18:03: Particle Emitter Type 'Point' registered
10:18:03: Particle Emitter Type 'Box' registered
10:18:03: Particle Emitter Type 'Ellipsoid' registered
10:18:03: Particle Emitter Type 'Cylinder' registered
10:18:03: Particle Emitter Type 'Ring' registered
10:18:03: Particle Emitter Type 'HollowEllipsoid' registered
10:18:03: Particle Affector Type 'LinearForce' registered
10:18:03: Particle Affector Type 'ColourFader' registered
10:18:03: Particle Affector Type 'ColourFader2' registered
10:18:03: Particle Affector Type 'ColourImage' registered
10:18:03: Particle Affector Type 'ColourInterpolator' registered
10:18:03: Particle Affector Type 'Scaler' registered
10:18:03: Particle Affector Type 'Rotator' registered
10:18:03: Particle Affector Type 'DirectionRandomiser' registered
10:18:03: Particle Affector Type 'DeflectorPlane' registered
10:18:03: Plugin successfully installed
10:18:03: Loading library C:/Users/lucas/Desktop/GBC College/Semester 05/Game Engine DEV/Game-Engine-Development---Assignment-1/OrgreTemplateV2/OrgreTemplateV2/x64/Debug/.\Plugin_BSPSceneManager_d.dll
10:18:03: Installing plugin: BSP Scene Manager
10:18:03: Plugin successfully installed
10:18:03: Loading library C:/Users/lucas/Desktop/GBC College/Semester 05/Game Engine DEV/Game-Engine-Development---Assignment-1/OrgreTemplateV2/OrgreTemplateV2/x64/Debug/.\Plugin_CgProgramManager_d.dll
10:18:03: Installing plugin: Cg Program Manager
10:18:03: Plugin successfully installed
10:18:03: Loading library C:/Users/lucas/Desktop/GBC College/Semester 05/Game Engine DEV/Game-Engine-Development---Assignment-1/OrgreTemplateV2/OrgreTemplateV2/x64/Debug/.\Codec_STBI_d.dll
10:18:03: stb_image - v2.19 - public domain JPEG/PNG reader
10:18:03: Supported formats: jpeg,jpg,png,bmp,psd,tga,gif,pic,ppm,pgm,hdr
10:18:03: *-*-* OGRE Initialising
10:18:03: *-*-* Version 1.12.1 (Rhagorthua)
10:18:03: OverlayElementFactory for type Panel registered.
10:18:03: OverlayElementFactory for type BorderPanel registered.
10:18:03: OverlayElementFactory for type TextArea registered.
10:18:03: Registering ResourceManager for type Font
10:18:03: D3D11: RenderSystem Option: Allow NVPerfHUD = No
10:18:03: D3D11: RenderSystem Option: Backbuffer Count = Auto
10:18:03: D3D11: RenderSystem Option: Driver type = Hardware
10:18:03: D3D11: RenderSystem Option: FSAA = 1
10:18:03: D3D11: RenderSystem Option: Floating-point mode = Fastest
10:18:03: D3D11: RenderSystem Option: Full Screen = No
10:18:03: D3D11: RenderSystem Option: Information Queue Exceptions Bottom Level = Info (exception on any message)
10:18:03: D3D11: RenderSystem Option: Max Requested Feature Levels = 11.0
10:18:03: D3D11: RenderSystem Option: Min Requested Feature Levels = 9.1
10:18:03: D3D11: RenderSystem Option: Rendering Device = (default)
10:18:03: D3D11: RenderSystem Option: VSync = Yes
10:18:03: D3D11: RenderSystem Option: VSync Interval = 1
10:18:03: D3D11: RenderSystem Option: Video Mode = 800 x 600 @ 32-bit colour
10:18:03: D3D11: RenderSystem Option: sRGB Gamma Conversion = No
10:18:03: CPU Identifier & Features
10:18:03: -------------------------
10:18:03:  *   CPU ID: GenuineIntel: Intel(R) Core(TM) i7-9750H CPU @ 2.60GHz
10:18:03:  *          SSE: yes
10:18:03:  *         SSE2: yes
10:18:03:  *         SSE3: yes
10:18:03:  *        SSE41: yes
10:18:03:  *        SSE42: yes
10:18:03:  *          MMX: yes
10:18:03:  *       MMXEXT: yes
10:18:03:  *        3DNOW: no
10:18:03:  *     3DNOWEXT: no
10:18:03:  *         CMOV: yes
10:18:03:  *          TSC: yes
10:18:03:  *INVARIANT TSC: yes
10:18:03:  *          FPU: yes
10:18:03:  *          PRO: yes
10:18:03:  *           HT: no
10:18:03: -------------------------
10:18:03: D3D11: Subsystem Initialising
10:18:03: D3D11: Driver Detection Starts
10:18:03: D3D11: "Intel(R) UHD Graphics 630"
10:18:03: D3D11: "NVIDIA GeForce GTX 1650"
10:18:03: D3D11: "Microsoft Basic Render Driver (software)"
10:18:03: D3D11: Driver Detection Ends
10:18:03: D3D11: Requested "(default)", selected "Intel(R) UHD Graphics 630"
10:18:04: ***************************************
10:18:04: *** D3D11: Subsystem Initialized OK ***
10:18:04: ***************************************
10:18:04: D3D11RenderSystem::_createRenderWindow "Assigment 02 - Julian Escobar / Lucas Krespi", 800x600 windowed  miscParams: FSAA=1 colourDepth=32 externalWindowHandle=1575694 gamma=No vsync=Yes vsyncInterval=1 
10:18:04: D3D11: Created D3D11 Rendering Window 'Assigment 02 - Julian Escobar / Lucas Krespi' : 800x600, 32bpp
10:18:04: Registering ResourceManager for type Texture
10:18:04: Registering ResourceManager for type GpuProgram
10:18:04: RenderSystem capabilities
10:18:04: -------------------------
10:18:04: RenderSystem Name: Direct3D11 Rendering Subsystem
10:18:04: GPU Vendor: intel
10:18:04: Device Name: Intel(R) UHD Graphics 630
10:18:04: Driver Version: 26.20.100.6911
10:18:04:  * Fixed function pipeline: no
10:18:04:  * Anisotropic texture filtering: yes
10:18:04:  * Hardware stencil buffer: yes
10:18:04:    - Stencil depth: 8
10:18:04:    - Two sided stencil support: yes
10:18:04:    - Wrap stencil values: yes
10:18:04:  * 32-bit index buffers: yes
10:18:04:  * Vertex programs: yes
10:18:04:  * Number of floating-point constants for vertex programs: 512
10:18:04:  * Number of integer constants for vertex programs: 16
10:18:04:  * Number of boolean constants for vertex programs: 16
10:18:04:  * Fragment programs: yes
10:18:04:  * Number of floating-point constants for fragment programs: 512
10:18:04:  * Number of integer constants for fragment programs: 16
10:18:04:  * Number of boolean constants for fragment programs: 16
10:18:04:  * Geometry programs: yes
10:18:04:  * Number of floating-point constants for geometry programs: 512
10:18:04:  * Number of integer constants for geometry programs: 16
10:18:04:  * Number of boolean constants for geometry programs: 16
10:18:04:  * Tessellation Hull programs: yes
10:18:04:  * Number of floating-point constants for tessellation hull programs: 512
10:18:04:  * Number of integer constants for tessellation hull programs: 16
10:18:04:  * Number of boolean constants for tessellation hull programs: 16
10:18:04:  * Tessellation Domain programs: yes
10:18:04:  * Number of floating-point constants for tessellation domain programs: 512
10:18:04:  * Number of integer constants for tessellation domain programs: 16
10:18:04:  * Number of boolean constants for tessellation domain programs: 16
10:18:04:  * Compute programs: yes
10:18:04:  * Number of floating-point constants for compute programs: 512
10:18:04:  * Number of integer constants for compute programs: 16
10:18:04:  * Number of boolean constants for compute programs: 16
10:18:04:  * Supported Shader Profiles: cs_4_0 cs_4_1 cs_5_0 ds_5_0 gs_4_0 gs_4_1 gs_5_0 hlsl hs_5_0 ps_2_0 ps_2_a ps_2_b ps_2_x ps_3_0 ps_3_x ps_4_0 ps_4_0_level_9_1 ps_4_0_level_9_3 ps_4_1 ps_5_0 vs_2_0 vs_2_a vs_2_x vs_3_0 vs_4_0 vs_4_0_level_9_1 vs_4_0_level_9_3 vs_4_1 vs_5_0
10:18:04:  * Texture Compression: yes
10:18:04:    - DXT: yes
10:18:04:    - VTC: no
10:18:04:    - PVRTC: no
10:18:04:    - ATC: no
10:18:04:    - ETC1: no
10:18:04:    - ETC2: no
10:18:04:    - BC4/BC5: no
10:18:04:    - BC6H/BC7: yes
10:18:04:    - ASTC: no
10:18:04:    - Mipmaps for compressed formats: no
10:18:04:  * Hardware Occlusion Query: yes
10:18:04:  * User clip planes: yes
10:18:04:  * VET_UBYTE4 vertex element type: yes
10:18:04:  * Infinite far plane projection: yes
10:18:04:  * Hardware render-to-texture: yes
10:18:04:  * Floating point textures: yes
10:18:04:  * Non-power-of-two textures: yes
10:18:04:  * 1d textures: yes
10:18:04:  * Volume textures: yes
10:18:04:  * Multiple Render Targets: 8
10:18:04:    - With different bit depths: yes
10:18:04:  * Point Sprites: yes
10:18:04:  * Wide Lines: no
10:18:04:  * Hardware Gamma: no
10:18:04:  * Extended point parameters: yes
10:18:04:  * Max Point Size: 256
10:18:04:  * Vertex texture fetch: yes
10:18:04:  * Number of texture units: 16
10:18:04:  * Number of vertex attributes: 32
10:18:04:  * Stencil buffer depth: 8
10:18:04:  * Number of vertex blend matrices: 0
10:18:04:    - Max vertex textures: 4
10:18:04:    - Vertex textures shared: yes
10:18:04:  * Render to Vertex Buffer : yes
10:18:04:  * Hardware Atomic Counters: no
10:18:04: DefaultWorkQueue('Root') initialising on thread 3920.
10:18:04: DefaultWorkQueue('Root')::WorkerFunc - thread 6952 starting.
10:18:04: DefaultWorkQueue('Root')::WorkerFunc - thread 17956 starting.
10:18:04: Particle Renderer Type 'billboard' registered
10:18:04: SceneManagerFactory for type 'BspSceneManager' registered.
10:18:04: Registering SceneLoader Q3BSP
10:18:04: Creating resource group Essential
10:18:04: Added resource location 'C:/Users/lucas/GameEngineDevelopment/ogre-sdk-v2.1/Samples/Media/thumbnails' of type 'FileSystem' to resource group 'Essential'
10:18:04: Added resource location 'C:/Users/lucas/GameEngineDevelopment/ogre-sdk-v2.1/Media/packs/SdkTrays.zip' of type 'Zip' to resource group 'Essential'
10:18:04: Added resource location 'C:/Users/lucas/GameEngineDevelopment/ogre-sdk-v2.1/Media/packs/profiler.zip' of type 'Zip' to resource group 'Essential'
10:18:04: Added resource location 'C:/Users/lucas/GameEngineDevelopment/ogre-sdk-v2.1/Samples/Media' of type 'FileSystem' to resource group 'General'
10:18:04: Added resource location 'C:/Users/lucas/GameEngineDevelopment/ogre-sdk-v2.1/Samples/Media/fonts' of type 'FileSystem' to resource group 'General'
10:18:04: Added resource location 'C:/Users/lucas/GameEngineDevelopment/ogre-sdk-v2.1/Samples/Media/materials/programs' of type 'FileSystem' to resource group 'General'
10:18:04: Added resource location 'C:/Users/lucas/GameEngineDevelopment/ogre-sdk-v2.1/Samples/Media/materials/scripts' of type 'FileSystem' to resource group 'General'
10:18:04: Added resource location 'C:/Users/lucas/GameEngineDevelopment/ogre-sdk-v2.1/Samples/Media/materials/textures' of type 'FileSystem' to resource group 'General'
10:18:04: Added resource location 'C:/Users/lucas/GameEngineDevelopment/ogre-sdk-v2.1/Samples/Media/materials/textures/nvidia' of type 'FileSystem' to resource group 'General'
10:18:04: Added resource location 'C:/Users/lucas/GameEngineDevelopment/ogre-sdk-v2.1/Samples/Media/models' of type 'FileSystem' to resource group 'General'
10:18:04: Added resource location 'C:/Users/lucas/GameEngineDevelopment/ogre-sdk-v2.1/Samples/Media/particle' of type 'FileSystem' to resource group 'General'
10:18:04: Added resource location 'C:/Users/lucas/GameEngineDevelopment/ogre-sdk-v2.1/Samples/Media/DeferredShadingMedia' of type 'FileSystem' to resource group 'General'
10:18:04: Added resource location 'C:/Users/lucas/GameEngineDevelopment/ogre-sdk-v2.1/Samples/Media/DeferredShadingMedia/DeferredShading/post' of type 'FileSystem' to resource group 'General'
10:18:04: Added resource location 'C:/Users/lucas/GameEngineDevelopment/ogre-sdk-v2.1/Samples/Media/PCZAppMedia' of type 'FileSystem' to resource group 'General'
10:18:04: Added resource location 'C:/Users/lucas/GameEngineDevelopment/ogre-sdk-v2.1/Samples/Media/materials/scripts/SSAO' of type 'FileSystem' to resource group 'General'
10:18:04: Added resource location 'C:/Users/lucas/GameEngineDevelopment/ogre-sdk-v2.1/Samples/Media/materials/textures/SSAO' of type 'FileSystem' to resource group 'General'
10:18:04: Added resource location 'C:/Users/lucas/GameEngineDevelopment/ogre-sdk-v2.1/Samples/Media/volumeTerrain' of type 'FileSystem' to resource group 'General'
10:18:04: Added resource location 'C:/Users/lucas/GameEngineDevelopment/ogre-sdk-v2.1/Samples/Media/PBR' of type 'FileSystem' to resource group 'General'
10:18:04: Added resource location 'C:/Users/lucas/GameEngineDevelopment/ogre-sdk-v2.1/Samples/Media/materials/textures/glTF2_IBL' of type 'FileSystem' to resource group 'General'
10:18:04: Added resource location 'C:/Users/lucas/GameEngineDevelopment/ogre-sdk-v2.1/Media/HLMS' of type 'FileSystem' to resource group 'General'
10:18:04: Added resource location 'C:/Users/lucas/GameEngineDevelopment/ogre-sdk-v2.1/Samples/Media/packs/cubemap.zip' of type 'Zip' to resource group 'General'
10:18:04: Added resource location 'C:/Users/lucas/GameEngineDevelopment/ogre-sdk-v2.1/Samples/Media/packs/cubemapsJS.zip' of type 'Zip' to resource group 'General'
10:18:04: Added resource location 'C:/Users/lucas/GameEngineDevelopment/ogre-sdk-v2.1/Samples/Media/packs/dragon.zip' of type 'Zip' to resource group 'General'
10:18:04: Added resource location 'C:/Users/lucas/GameEngineDevelopment/ogre-sdk-v2.1/Samples/Media/packs/fresneldemo.zip' of type 'Zip' to resource group 'General'
10:18:04: Added resource location 'C:/Users/lucas/GameEngineDevelopment/ogre-sdk-v2.1/Samples/Media/packs/ogretestmap.zip' of type 'Zip' to resource group 'General'
10:18:04: Added resource location 'C:/Users/lucas/GameEngineDevelopment/ogre-sdk-v2.1/Samples/Media/packs/ogredance.zip' of type 'Zip' to resource group 'General'
10:18:04: Added resource location 'C:/Users/lucas/GameEngineDevelopment/ogre-sdk-v2.1/Samples/Media/packs/Sinbad.zip' of type 'Zip' to resource group 'General'
10:18:04: Added resource location 'C:/Users/lucas/GameEngineDevelopment/ogre-sdk-v2.1/Samples/Media/packs/skybox.zip' of type 'Zip' to resource group 'General'
10:18:04: Added resource location 'C:/Users/lucas/GameEngineDevelopment/ogre-sdk-v2.1/Samples/Media/volumeTerrain/volumeTerrainBig.zip' of type 'Zip' to resource group 'General'
10:18:04: Added resource location 'C:/Users/lucas/GameEngineDevelopment/ogre-sdk-v2.1/Samples/Media/packs/DamagedHelmet.zip' of type 'Zip' to resource group 'General'
10:18:04: Added resource location 'C:/Users/lucas/GameEngineDevelopment/ogre-sdk-v2.1/Media/ShadowVolume' of type 'FileSystem' to resource group 'OgreInternal'
10:18:04: Added resource location 'C:/Users/lucas/GameEngineDevelopment/ogre-sdk-v2.1/Media/RTShaderLib/materials' of type 'FileSystem' to resource group 'OgreInternal'
10:18:04: Added resource location 'C:/Users/lucas/GameEngineDevelopment/ogre-sdk-v2.1/Media/RTShaderLib/GLSL' of type 'FileSystem' to resource group 'OgreInternal'
10:18:04: Added resource location 'C:/Users/lucas/GameEngineDevelopment/ogre-sdk-v2.1/Media/RTShaderLib/HLSL_Cg' of type 'FileSystem' to resource group 'OgreInternal'
10:18:04: Added resource location 'C:/Users/lucas/GameEngineDevelopment/ogre-sdk-v2.1/Media/Terrain/' of type 'FileSystem' to resource group 'OgreInternal'
10:18:04: Creating resource group Tests
10:18:04: Added resource location 'C:/Users/lucas/GameEngineDevelopment/ogre-sdk-v2.1/Tests/Media' of type 'FileSystem' to resource group 'Tests'
10:18:04: Added resource location 'C:/Users/lucas/GameEngineDevelopment/ogre-sdk-v2.1/Samples/Media/materials/programs/HLSL' of type 'FileSystem' to resource group 'General'
10:18:04: Added resource location 'C:/Users/lucas/GameEngineDevelopment/ogre-sdk-v2.1/Samples/Media/materials/programs/Cg' of type 'FileSystem' to resource group 'General'
10:18:04: Added resource location 'C:/Users/lucas/GameEngineDevelopment/ogre-sdk-v2.1/Samples/Media/materials/programs/HLSL_Cg' of type 'FileSystem' to resource group 'General'
10:18:04: Parsing scripts for resource group Essential
10:18:04: Parsing script SdkTrays.material
10:18:04: Parsing script OgreProfiler.material
10:18:04: Parsing script SdkTrays.fontdef
10:18:04: Parsing script SdkTrays.overlay
10:18:04: Texture 'sdk_cursor.png': Loading 1 faces(PF_A8B8G8R8,32x32x1) with 5 generated mipmaps from Image. Internal format is PF_A8B8G8R8,32x32x1.
10:18:04: Texture 'sdk_tray.png': Loading 1 faces(PF_A8B8G8R8,64x64x1) with 6 generated mipmaps from Image. Internal format is PF_A8B8G8R8,64x64x1.
10:18:04: Texture 'sdk_button_up.png': Loading 1 faces(PF_A8B8G8R8,128x32x1) with 7 generated mipmaps from Image. Internal format is PF_A8B8G8R8,128x32x1.
10:18:04: Texture 'sdk_text_box.png': Loading 1 faces(PF_A8B8G8R8,32x32x1) with 5 generated mipmaps from Image. Internal format is PF_A8B8G8R8,32x32x1.
10:18:04: Texture 'sdk_mini_tray.png': Loading 1 faces(PF_A8B8G8R8,32x32x1) with 5 generated mipmaps from Image. Internal format is PF_A8B8G8R8,32x32x1.
10:18:04: Texture 'sdk_track.png': Loading 1 faces(PF_A8B8G8R8,16x32x1) with 5 generated mipmaps from Image. Internal format is PF_A8B8G8R8,16x32x1.
10:18:04: Texture 'sdk_handle.png': Loading 1 faces(PF_A8B8G8R8,16x16x1) with 4 generated mipmaps from Image. Internal format is PF_A8B8G8R8,16x16x1.
10:18:04: Texture 'sdk_mini_text_box.png': Loading 1 faces(PF_A8B8G8R8,32x32x1) with 5 generated mipmaps from Image. Internal format is PF_A8B8G8R8,32x32x1.
10:18:04: Texture 'sdk_label.png': Loading 1 faces(PF_A8B8G8R8,32x32x1) with 5 generated mipmaps from Image. Internal format is PF_A8B8G8R8,32x32x1.
10:18:04: Texture 'sdk_separator.png': Loading 1 faces(PF_A8B8G8R8,64x16x1) with 6 generated mipmaps from Image. Internal format is PF_A8B8G8R8,64x16x1.
10:18:04: Texture 'sdk_logo.png': Loading 1 faces(PF_A8B8G8R8,128x64x1) with 7 generated mipmaps from Image. Internal format is PF_A8B8G8R8,128x64x1.
10:18:04: Texture 'sdk_shade.png': Loading 1 faces(PF_A8B8G8R8,64x48x1) with 6 generated mipmaps from Image. Internal format is PF_A8B8G8R8,64x48x1.
10:18:04: Texture 'sdk_frame.png': Loading 1 faces(PF_A8B8G8R8,32x32x1) with 5 generated mipmaps from Image. Internal format is PF_A8B8G8R8,32x32x1.
10:18:04: Texture 'sdk_mini_text_box_over.png': Loading 1 faces(PF_A8B8G8R8,32x32x1) with 5 generated mipmaps from Image. Internal format is PF_A8B8G8R8,32x32x1.
10:18:04: Texture 'sdk_pulse.png': Loading 1 faces(PF_B8G8R8,8x1x1) with 3 generated mipmaps from Image. Internal format is PF_A8B8G8R8,8x1x1.
10:18:04: Finished parsing scripts for resource group Essential
10:18:04: Creating resources for group Essential
10:18:04: All done
10:18:04: Parsing scripts for resource group General
10:18:04: Parsing script DualQuaternion.program
10:18:04: Ogre::RenderingAPIException::RenderingAPIException: Cannot compile D3D11 high-level shader Ogre/DualQuaternionHardwareSkinningTwoWeightsHLSL Errors:
C:\Users\lucas\Desktop\GBC College\Semester 05\Game Engine DEV\Game-Engine-Development---Assignment-1\OrgreTemplateV2\OrgreTemplateV2\DualQuaternion.hlsl(35,25-75): error X3017: 'calculateBlendPosition': cannot implicitly convert from 'float3' to 'float4'
 in D3D11HLSLProgram::compileMicrocode at C:\Hooman\GBC\GAME3121\Course Materials\GameEngineDevelopment\ogre-sdk-v2.1\RenderSystems\Direct3D11\src\OgreD3D11HLSLProgram.cpp (line 495)
10:18:04: High-level program 'Ogre/DualQuaternionHardwareSkinningTwoWeightsHLSL' is not supported: Cannot compile D3D11 high-level shader Ogre/DualQuaternionHardwareSkinningTwoWeightsHLSL Errors:
C:\Users\lucas\Desktop\GBC College\Semester 05\Game Engine DEV\Game-Engine-Development---Assignment-1\OrgreTemplateV2\OrgreTemplateV2\DualQuaternion.hlsl(35,25-75): error X3017: 'calculateBlendPosition': cannot implicitly convert from 'float3' to 'float4'

10:18:04: Ogre::InvalidParametersException::InvalidParametersException: Named constants have not been initialised, perhaps a compile error. in GpuProgramParameters::_findNamedConstantDefinition at C:\Hooman\GBC\GAME3121\Course Materials\GameEngineDevelopment\ogre-sdk-v2.1\OgreMain\src\OgreGpuProgramParams.cpp (line 1657)
10:18:04: Error: ScriptCompiler - invalid parameters in DualQuaternion.program(64): setting of constant failed
10:18:04: Ogre::RenderingAPIException::RenderingAPIException: Cannot compile D3D11 high-level shader Ogre/DualQuaternionHardwareSkinningTwoWeightsTwoPhaseHLSL Errors:
C:\Users\lucas\Desktop\GBC College\Semester 05\Game Engine DEV\Game-Engine-Development---Assignment-1\OrgreTemplateV2\OrgreTemplateV2\DualQuaternion.hlsl(35,25-75): error X3017: 'calculateBlendPosition': cannot implicitly convert from 'float3' to 'float4'
 in D3D11HLSLProgram::compileMicrocode at C:\Hooman\GBC\GAME3121\Course Materials\GameEngineDevelopment\ogre-sdk-v2.1\RenderSystems\Direct3D11\src\OgreD3D11HLSLProgram.cpp (line 495)
10:18:04: High-level program 'Ogre/DualQuaternionHardwareSkinningTwoWeightsTwoPhaseHLSL' is not supported: Cannot compile D3D11 high-level shader Ogre/DualQuaternionHardwareSkinningTwoWeightsTwoPhaseHLSL Errors:
C:\Users\lucas\Desktop\GBC College\Semester 05\Game Engine DEV\Game-Engine-Development---Assignment-1\OrgreTemplateV2\OrgreTemplateV2\DualQuaternion.hlsl(35,25-75): error X3017: 'calculateBlendPosition': cannot implicitly convert from 'float3' to 'float4'

10:18:04: Ogre::InvalidParametersException::InvalidParametersException: Named constants have not been initialised, perhaps a compile error. in GpuProgramParameters::_findNamedConstantDefinition at C:\Hooman\GBC\GAME3121\Course Materials\GameEngineDevelopment\ogre-sdk-v2.1\OgreMain\src\OgreGpuProgramParams.cpp (line 1657)
10:18:04: Error: ScriptCompiler - invalid parameters in DualQuaternion.program(78): setting of constant failed
10:18:04: Ogre::RenderingAPIException::RenderingAPIException: Cannot compile D3D11 high-level shader Ogre/DualQuaternionHardwareSkinningTwoWeightsShadowCasterHLSL Errors:
C:\Users\lucas\Desktop\GBC College\Semester 05\Game Engine DEV\Game-Engine-Development---Assignment-1\OrgreTemplateV2\OrgreTemplateV2\DualQuaternion.hlsl(35,25-75): error X3017: 'calculateBlendPosition': cannot implicitly convert from 'float3' to 'float4'
 in D3D11HLSLProgram::compileMicrocode at C:\Hooman\GBC\GAME3121\Course Materials\GameEngineDevelopment\ogre-sdk-v2.1\RenderSystems\Direct3D11\src\OgreD3D11HLSLProgram.cpp (line 495)
10:18:04: High-level program 'Ogre/DualQuaternionHardwareSkinningTwoWeightsShadowCasterHLSL' is not supported: Cannot compile D3D11 high-level shader Ogre/DualQuaternionHardwareSkinningTwoWeightsShadowCasterHLSL Errors:
C:\Users\lucas\Desktop\GBC College\Semester 05\Game Engine DEV\Game-Engine-Development---Assignment-1\OrgreTemplateV2\OrgreTemplateV2\DualQuaternion.hlsl(35,25-75): error X3017: 'calculateBlendPosition': cannot implicitly convert from 'float3' to 'float4'

10:18:04: Ogre::InvalidParametersException::InvalidParametersException: Named constants have not been initialised, perhaps a compile error. in GpuProgramParameters::_findNamedConstantDefinition at C:\Hooman\GBC\GAME3121\Course Materials\GameEngineDevelopment\ogre-sdk-v2.1\OgreMain\src\OgreGpuProgramParams.cpp (line 1657)
10:18:04: Error: ScriptCompiler - invalid parameters in DualQuaternion.program(177): setting of constant failed
10:18:04: Ogre::InvalidParametersException::InvalidParametersException: Named constants have not been initialised, perhaps a compile error. in GpuProgramParameters::_findNamedConstantDefinition at C:\Hooman\GBC\GAME3121\Course Materials\GameEngineDevelopment\ogre-sdk-v2.1\OgreMain\src\OgreGpuProgramParams.cpp (line 1657)
10:18:04: Error: ScriptCompiler - invalid parameters in DualQuaternion.program(178): setting of constant failed
10:18:04: Ogre::InvalidParametersException::InvalidParametersException: Named constants have not been initialised, perhaps a compile error. in GpuProgramParameters::_findNamedConstantDefinition at C:\Hooman\GBC\GAME3121\Course Materials\GameEngineDevelopment\ogre-sdk-v2.1\OgreMain\src\OgreGpuProgramParams.cpp (line 1657)
10:18:04: Error: ScriptCompiler - invalid parameters in DualQuaternion.program(179): setting of constant failed
10:18:04: Ogre::RenderingAPIException::RenderingAPIException: Cannot compile D3D11 high-level shader Ogre/DualQuaternionHardwareSkinningTwoWeightsTwoPhaseShadowCasterHLSL Errors:
C:\Users\lucas\Desktop\GBC College\Semester 05\Game Engine DEV\Game-Engine-Development---Assignment-1\OrgreTemplateV2\OrgreTemplateV2\DualQuaternion.hlsl(35,25-75): error X3017: 'calculateBlendPosition': cannot implicitly convert from 'float3' to 'float4'
 in D3D11HLSLProgram::compileMicrocode at C:\Hooman\GBC\GAME3121\Course Materials\GameEngineDevelopment\ogre-sdk-v2.1\RenderSystems\Direct3D11\src\OgreD3D11HLSLProgram.cpp (line 495)
10:18:04: High-level program 'Ogre/DualQuaternionHardwareSkinningTwoWeightsTwoPhaseShadowCasterHLSL' is not supported: Cannot compile D3D11 high-level shader Ogre/DualQuaternionHardwareSkinningTwoWeightsTwoPhaseShadowCasterHLSL Errors:
C:\Users\lucas\Desktop\GBC College\Semester 05\Game Engine DEV\Game-Engine-Development---Assignment-1\OrgreTemplateV2\OrgreTemplateV2\DualQuaternion.hlsl(35,25-75): error X3017: 'calculateBlendPosition': cannot implicitly convert from 'float3' to 'float4'

10:18:04: Ogre::InvalidParametersException::InvalidParametersException: Named constants have not been initialised, perhaps a compile error. in GpuProgramParameters::_findNamedConstantDefinition at C:\Hooman\GBC\GAME3121\Course Materials\GameEngineDevelopment\ogre-sdk-v2.1\OgreMain\src\OgreGpuProgramParams.cpp (line 1657)
10:18:04: Error: ScriptCompiler - invalid parameters in DualQuaternion.program(210): setting of constant failed
10:18:04: Ogre::InvalidParametersException::InvalidParametersException: Named constants have not been initialised, perhaps a compile error. in GpuProgramParameters::_findNamedConstantDefinition at C:\Hooman\GBC\GAME3121\Course Materials\GameEngineDevelopment\ogre-sdk-v2.1\OgreMain\src\OgreGpuProgramParams.cpp (line 1657)
10:18:04: Error: ScriptCompiler - invalid parameters in DualQuaternion.program(211): setting of constant failed
10:18:04: Ogre::InvalidParametersException::InvalidParametersException: Named constants have not been initialised, perhaps a compile error. in GpuProgramParameters::_findNamedConstantDefinition at C:\Hooman\GBC\GAME3121\Course Materials\GameEngineDevelopment\ogre-sdk-v2.1\OgreMain\src\OgreGpuProgramParams.cpp (line 1657)
10:18:04: Error: ScriptCompiler - invalid parameters in DualQuaternion.program(212): setting of constant failed
10:18:04: Ogre::InvalidParametersException::InvalidParametersException: Named constants have not been initialised, perhaps a compile error. in GpuProgramParameters::_findNamedConstantDefinition at C:\Hooman\GBC\GAME3121\Course Materials\GameEngineDevelopment\ogre-sdk-v2.1\OgreMain\src\OgreGpuProgramParams.cpp (line 1657)
10:18:04: Error: ScriptCompiler - invalid parameters in DualQuaternion.program(213): setting of constant failed
10:18:04: Parsing script Examples.program
10:18:05: Parsing script Instancing.program
10:18:05: Parsing script StdQuad_vp.program
10:18:05: Parsing script deferred_post.program
10:18:05: Parsing script ShadowCaster.program
10:18:05: Parsing script GBuffer.program
10:18:05: Parsing script pbr.program
10:18:05: Parsing script AdaptivePNTrianglesTessellation.material
10:18:05: Ogre::RenderingAPIException::RenderingAPIException: Cannot compile D3D11 high-level shader Ogre/PNTrianglesTessellation/adaptive_tessellation_hs Errors:
C:\Users\lucas\Desktop\GBC College\Semester 05\Game Engine DEV\Game-Engine-Development---Assignment-1\OrgreTemplateV2\OrgreTemplateV2\adaptive_tessellation.hlsl(148,67-71): error X4576: Input signature parameter SV_Position (1-based Entry 0) type must be float32 and mask must be xyzw. 
 in D3D11HLSLProgram::compileMicrocode at C:\Hooman\GBC\GAME3121\Course Materials\GameEngineDevelopment\ogre-sdk-v2.1\RenderSystems\Direct3D11\src\OgreD3D11HLSLProgram.cpp (line 495)
10:18:05: High-level program 'Ogre/PNTrianglesTessellation/adaptive_tessellation_hs' is not supported: Cannot compile D3D11 high-level shader Ogre/PNTrianglesTessellation/adaptive_tessellation_hs Errors:
C:\Users\lucas\Desktop\GBC College\Semester 05\Game Engine DEV\Game-Engine-Development---Assignment-1\OrgreTemplateV2\OrgreTemplateV2\adaptive_tessellation.hlsl(148,67-71): error X4576: Input signature parameter SV_Position (1-based Entry 0) type must be float32 and mask must be xyzw. 

10:18:05: Ogre::InvalidParametersException::InvalidParametersException: Named constants have not been initialised, perhaps a compile error. in GpuProgramParameters::_findNamedConstantDefinition at C:\Hooman\GBC\GAME3121\Course Materials\GameEngineDevelopment\ogre-sdk-v2.1\OgreMain\src\OgreGpuProgramParams.cpp (line 1657)
10:18:05: Error: ScriptCompiler - invalid parameters in AdaptivePNTrianglesTessellation.material(208): Named constants have not been initialised, perhaps a compile error.
10:18:05: Ogre::InvalidParametersException::InvalidParametersException: Named constants have not been initialised, perhaps a compile error. in GpuProgramParameters::_findNamedConstantDefinition at C:\Hooman\GBC\GAME3121\Course Materials\GameEngineDevelopment\ogre-sdk-v2.1\OgreMain\src\OgreGpuProgramParams.cpp (line 1657)
10:18:05: Error: ScriptCompiler - invalid parameters in AdaptivePNTrianglesTessellation.material(209): setting of constant failed
10:18:05: Ogre::RenderingAPIException::RenderingAPIException: Cannot compile D3D11 high-level shader Ogre/PNTrianglesTessellation/adaptivePNTriangles_tessellation_vs Errors:
C:\Users\lucas\Desktop\GBC College\Semester 05\Game Engine DEV\Game-Engine-Development---Assignment-1\OrgreTemplateV2\OrgreTemplateV2\adaptivePNTriangles_tessellation.hlsl(92,35-58): error X4577: Not all elements of SV_Position were written
C:\Users\lucas\Desktop\GBC College\Semester 05\Game Engine DEV\Game-Engine-Development---Assignment-1\OrgreTemplateV2\OrgreTemplateV2\adaptivePNTriangles_tessellation.hlsl(92,35-58): error X4576: Output signature parameter SV_Position (1-based Entry 0) type must be float32 and mask must be xyzw. 
 in D3D11HLSLProgram::compileMicrocode at C:\Hooman\GBC\GAME3121\Course Materials\GameEngineDevelopment\ogre-sdk-v2.1\RenderSystems\Direct3D11\src\OgreD3D11HLSLProgram.cpp (line 495)
10:18:05: High-level program 'Ogre/PNTrianglesTessellation/adaptivePNTriangles_tessellation_vs' is not supported: Cannot compile D3D11 high-level shader Ogre/PNTrianglesTessellation/adaptivePNTriangles_tessellation_vs Errors:
C:\Users\lucas\Desktop\GBC College\Semester 05\Game Engine DEV\Game-Engine-Development---Assignment-1\OrgreTemplateV2\OrgreTemplateV2\adaptivePNTriangles_tessellation.hlsl(92,35-58): error X4577: Not all elements of SV_Position were written
C:\Users\lucas\Desktop\GBC College\Semester 05\Game Engine DEV\Game-Engine-Development---Assignment-1\OrgreTemplateV2\OrgreTemplateV2\adaptivePNTriangles_tessellation.hlsl(92,35-58): error X4576: Output signature parameter SV_Position (1-based Entry 0) type must be float32 and mask must be xyzw. 

10:18:05: Ogre::InvalidParametersException::InvalidParametersException: Named constants have not been initialised, perhaps a compile error. in GpuProgramParameters::_findNamedConstantDefinition at C:\Hooman\GBC\GAME3121\Course Materials\GameEngineDevelopment\ogre-sdk-v2.1\OgreMain\src\OgreGpuProgramParams.cpp (line 1657)
10:18:05: Error: ScriptCompiler - invalid parameters in AdaptivePNTrianglesTessellation.material(258): setting of constant failed
10:18:05: Ogre::InvalidParametersException::InvalidParametersException: Named constants have not been initialised, perhaps a compile error. in GpuProgramParameters::_findNamedConstantDefinition at C:\Hooman\GBC\GAME3121\Course Materials\GameEngineDevelopment\ogre-sdk-v2.1\OgreMain\src\OgreGpuProgramParams.cpp (line 1657)
10:18:05: Error: ScriptCompiler - invalid parameters in AdaptivePNTrianglesTessellation.material(259): setting of constant failed
10:18:05: Ogre::InvalidParametersException::InvalidParametersException: Named constants have not been initialised, perhaps a compile error. in GpuProgramParameters::_findNamedConstantDefinition at C:\Hooman\GBC\GAME3121\Course Materials\GameEngineDevelopment\ogre-sdk-v2.1\OgreMain\src\OgreGpuProgramParams.cpp (line 1657)
10:18:05: Error: ScriptCompiler - invalid parameters in AdaptivePNTrianglesTessellation.material(260): setting of constant failed
10:18:05: Ogre::RenderingAPIException::RenderingAPIException: Cannot compile D3D11 high-level shader Ogre/PNTrianglesTessellation/adaptivePNTriangles_tessellation_hs Errors:
C:\Users\lucas\Desktop\GBC College\Semester 05\Game Engine DEV\Game-Engine-Development---Assignment-1\OrgreTemplateV2\OrgreTemplateV2\adaptivePNTriangles_tessellation.hlsl(127,76-85): error X4576: Input signature parameter SV_Position (1-based Entry 0) type must be float32 and mask must be xyzw. 
 in D3D11HLSLProgram::compileMicrocode at C:\Hooman\GBC\GAME3121\Course Materials\GameEngineDevelopment\ogre-sdk-v2.1\RenderSystems\Direct3D11\src\OgreD3D11HLSLProgram.cpp (line 495)
10:18:05: High-level program 'Ogre/PNTrianglesTessellation/adaptivePNTriangles_tessellation_hs' is not supported: Cannot compile D3D11 high-level shader Ogre/PNTrianglesTessellation/adaptivePNTriangles_tessellation_hs Errors:
C:\Users\lucas\Desktop\GBC College\Semester 05\Game Engine DEV\Game-Engine-Development---Assignment-1\OrgreTemplateV2\OrgreTemplateV2\adaptivePNTriangles_tessellation.hlsl(127,76-85): error X4576: Input signature parameter SV_Position (1-based Entry 0) type must be float32 and mask must be xyzw. 

10:18:05: Ogre::InvalidParametersException::InvalidParametersException: Named constants have not been initialised, perhaps a compile error. in GpuProgramParameters::_findNamedConstantDefinition at C:\Hooman\GBC\GAME3121\Course Materials\GameEngineDevelopment\ogre-sdk-v2.1\OgreMain\src\OgreGpuProgramParams.cpp (line 1657)
10:18:05: Error: ScriptCompiler - invalid parameters in AdaptivePNTrianglesTessellation.material(274): Named constants have not been initialised, perhaps a compile error.
10:18:05: Ogre::InvalidParametersException::InvalidParametersException: Named constants have not been initialised, perhaps a compile error. in GpuProgramParameters::_findNamedConstantDefinition at C:\Hooman\GBC\GAME3121\Course Materials\GameEngineDevelopment\ogre-sdk-v2.1\OgreMain\src\OgreGpuProgramParams.cpp (line 1657)
10:18:05: Error: ScriptCompiler - invalid parameters in AdaptivePNTrianglesTessellation.material(275): setting of constant failed
10:18:05: Ogre::RenderingAPIException::RenderingAPIException: Cannot compile D3D11 high-level shader Ogre/PNTrianglesTessellation/adaptivePNTriangles_tessellation_ds Errors:
C:\Users\lucas\Desktop\GBC College\Semester 05\Game Engine DEV\Game-Engine-Development---Assignment-1\OrgreTemplateV2\OrgreTemplateV2\adaptivePNTriangles_tessellation.hlsl(213,152-156): error X4576: Input signature parameter SV_Position (1-based Entry 0) type must be float32 and mask must be xyzw. 
 in D3D11HLSLProgram::compileMicrocode at C:\Hooman\GBC\GAME3121\Course Materials\GameEngineDevelopment\ogre-sdk-v2.1\RenderSystems\Direct3D11\src\OgreD3D11HLSLProgram.cpp (line 495)
10:18:05: High-level program 'Ogre/PNTrianglesTessellation/adaptivePNTriangles_tessellation_ds' is not supported: Cannot compile D3D11 high-level shader Ogre/PNTrianglesTessellation/adaptivePNTriangles_tessellation_ds Errors:
C:\Users\lucas\Desktop\GBC College\Semester 05\Game Engine DEV\Game-Engine-Development---Assignment-1\OrgreTemplateV2\OrgreTemplateV2\adaptivePNTriangles_tessellation.hlsl(213,152-156): error X4576: Input signature parameter SV_Position (1-based Entry 0) type must be float32 and mask must be xyzw. 

10:18:05: Ogre::InvalidParametersException::InvalidParametersException: Named constants have not been initialised, perhaps a compile error. in GpuProgramParameters::_findNamedConstantDefinition at C:\Hooman\GBC\GAME3121\Course Materials\GameEngineDevelopment\ogre-sdk-v2.1\OgreMain\src\OgreGpuProgramParams.cpp (line 1657)
10:18:05: Error: ScriptCompiler - invalid parameters in AdaptivePNTrianglesTessellation.material(287): setting of constant failed
10:18:05: Ogre::InvalidParametersException::InvalidParametersException: Named constants have not been initialised, perhaps a compile error. in GpuProgramParameters::_findNamedConstantDefinition at C:\Hooman\GBC\GAME3121\Course Materials\GameEngineDevelopment\ogre-sdk-v2.1\OgreMain\src\OgreGpuProgramParams.cpp (line 1657)
10:18:05: Error: ScriptCompiler - invalid parameters in AdaptivePNTrianglesTessellation.material(288): setting of constant failed
10:18:05: Ogre::InvalidParametersException::InvalidParametersException: Named constants have not been initialised, perhaps a compile error. in GpuProgramParameters::_findNamedConstantDefinition at C:\Hooman\GBC\GAME3121\Course Materials\GameEngineDevelopment\ogre-sdk-v2.1\OgreMain\src\OgreGpuProgramParams.cpp (line 1657)
10:18:05: Error: ScriptCompiler - invalid parameters in AdaptivePNTrianglesTessellation.material(289): setting of constant failed
10:18:05: Parsing script ASCII.material
10:18:05: Parsing script AtomicCounters.material
10:18:05: Parsing script Background.material
10:18:05: Parsing script BlackAndWhite.material
10:18:05: Parsing script Bloom2.material
10:18:05: Parsing script CompositorDemo.material
10:18:05: Parsing script Compute.material
10:18:05: Parsing script DamagedHelmet.material
10:18:05: Parsing script DepthShadowmap.material
10:18:05: Parsing script Dither.material
10:18:06: Parsing script DOF.material
10:18:06: Parsing script Doodle.material
10:18:06: Error: ScriptCompiler - unexpected token in Doodle.material(14): token "diffuse" is not recognized
10:18:06: Error: ScriptCompiler - unexpected token in Doodle.material(33): token "diffuse" is not recognized
10:18:06: Error: ScriptCompiler - unexpected token in Doodle.material(52): token "diffuse" is not recognized
10:18:06: Parsing script DoodlePlayer.material
10:18:06: Parsing script DSMyMaterials.material
10:18:06: Parsing script DualQuaternion.material
10:18:06: Parsing script Embossed.material
10:18:06: Parsing script Examples-Advanced.material
10:18:06: Parsing script Examples-DynTex.material
10:18:06: Parsing script Examples-Water.material
10:18:06: Parsing script Examples.material
10:18:06: Parsing script facial.material
10:18:06: Parsing script FlatVertexColour.material
10:18:06: Parsing script FluidSim.material
10:18:06: Parsing script Glass.material
10:18:06: Parsing script Hair.material
10:18:06: Parsing script Halftone.material
10:18:06: Parsing script hdr.material
10:18:06: Parsing script HeatVision.material
10:18:07: Parsing script HGExamples.material
10:18:07: Parsing script Hurt.material
10:18:07: Parsing script HWInstancing.material
10:18:07: Parsing script HW_VTFInstancing.material
10:18:07: Parsing script HW_VTF_LUTInstancing.material
10:18:07: Parsing script Invert.material
10:18:07: Parsing script Island.material
10:18:07: Error: ScriptCompiler - number expected in Island.material(246): extra parameters required by constant definition light_position
10:18:07: Warnings while compiling D3D11 high-level shader Ogre/Island/WaterPatchDS:
C:\Users\lucas\Desktop\GBC College\Semester 05\Game Engine DEV\Game-Engine-Development---Assignment-1\OrgreTemplateV2\OrgreTemplateV2\Island.hlsl(504,25): warning X3578: Output value 'WaterPatchDS' is not completely initialized

10:18:07: Error: ScriptCompiler - number expected in Island.material(329): extra parameters required by constant definition light_position
10:18:07: Ogre::RenderingAPIException::RenderingAPIException: Cannot compile D3D11 high-level shader Ogre/Island/WaterPatchPS Errors:
error X3501: 'WaterPatchPS': entrypoint not found
 in D3D11HLSLProgram::compileMicrocode at C:\Hooman\GBC\GAME3121\Course Materials\GameEngineDevelopment\ogre-sdk-v2.1\RenderSystems\Direct3D11\src\OgreD3D11HLSLProgram.cpp (line 495)
10:18:07: High-level program 'Ogre/Island/WaterPatchPS' is not supported: Cannot compile D3D11 high-level shader Ogre/Island/WaterPatchPS Errors:
error X3501: 'WaterPatchPS': entrypoint not found

10:18:07: Ogre::InvalidParametersException::InvalidParametersException: Named constants have not been initialised, perhaps a compile error. in GpuProgramParameters::_findNamedConstantDefinition at C:\Hooman\GBC\GAME3121\Course Materials\GameEngineDevelopment\ogre-sdk-v2.1\OgreMain\src\OgreGpuProgramParams.cpp (line 1657)
10:18:07: Error: ScriptCompiler - invalid parameters in Island.material(342): setting of constant failed
10:18:07: Ogre::InvalidParametersException::InvalidParametersException: Named constants have not been initialised, perhaps a compile error. in GpuProgramParameters::_findNamedConstantDefinition at C:\Hooman\GBC\GAME3121\Course Materials\GameEngineDevelopment\ogre-sdk-v2.1\OgreMain\src\OgreGpuProgramParams.cpp (line 1657)
10:18:07: Error: ScriptCompiler - invalid parameters in Island.material(343): setting of constant failed
10:18:07: Ogre::InvalidParametersException::InvalidParametersException: Named constants have not been initialised, perhaps a compile error. in GpuProgramParameters::_findNamedConstantDefinition at C:\Hooman\GBC\GAME3121\Course Materials\GameEngineDevelopment\ogre-sdk-v2.1\OgreMain\src\OgreGpuProgramParams.cpp (line 1657)
10:18:07: Error: ScriptCompiler - invalid parameters in Island.material(344): setting of constant failed
10:18:07: Ogre::InvalidParametersException::InvalidParametersException: Named constants have not been initialised, perhaps a compile error. in GpuProgramParameters::_findNamedConstantDefinition at C:\Hooman\GBC\GAME3121\Course Materials\GameEngineDevelopment\ogre-sdk-v2.1\OgreMain\src\OgreGpuProgramParams.cpp (line 1657)
10:18:07: Error: ScriptCompiler - invalid parameters in Island.material(345): setting of constant failed
10:18:07: Error: ScriptCompiler - number expected in Island.material(346): extra parameters required by constant definition light_position
10:18:07: Ogre::InvalidParametersException::InvalidParametersException: Named constants have not been initialised, perhaps a compile error. in GpuProgramParameters::_findNamedConstantDefinition at C:\Hooman\GBC\GAME3121\Course Materials\GameEngineDevelopment\ogre-sdk-v2.1\OgreMain\src\OgreGpuProgramParams.cpp (line 1657)
10:18:07: Error: ScriptCompiler - invalid parameters in Island.material(347): Named constants have not been initialised, perhaps a compile error.
10:18:07: Ogre::InvalidParametersException::InvalidParametersException: Named constants have not been initialised, perhaps a compile error. in GpuProgramParameters::_findNamedConstantDefinition at C:\Hooman\GBC\GAME3121\Course Materials\GameEngineDevelopment\ogre-sdk-v2.1\OgreMain\src\OgreGpuProgramParams.cpp (line 1657)
10:18:07: Error: ScriptCompiler - invalid parameters in Island.material(348): Named constants have not been initialised, perhaps a compile error.
10:18:07: Ogre::InvalidParametersException::InvalidParametersException: Named constants have not been initialised, perhaps a compile error. in GpuProgramParameters::_findNamedConstantDefinition at C:\Hooman\GBC\GAME3121\Course Materials\GameEngineDevelopment\ogre-sdk-v2.1\OgreMain\src\OgreGpuProgramParams.cpp (line 1657)
10:18:07: Error: ScriptCompiler - invalid parameters in Island.material(349): Named constants have not been initialised, perhaps a compile error.
10:18:07: Ogre::InvalidParametersException::InvalidParametersException: Named constants have not been initialised, perhaps a compile error. in GpuProgramParameters::_findNamedConstantDefinition at C:\Hooman\GBC\GAME3121\Course Materials\GameEngineDevelopment\ogre-sdk-v2.1\OgreMain\src\OgreGpuProgramParams.cpp (line 1657)
10:18:07: Error: ScriptCompiler - invalid parameters in Island.material(350): Named constants have not been initialised, perhaps a compile error.
10:18:07: Ogre::InvalidParametersException::InvalidParametersException: Named constants have not been initialised, perhaps a compile error. in GpuProgramParameters::_findNamedConstantDefinition at C:\Hooman\GBC\GAME3121\Course Materials\GameEngineDevelopment\ogre-sdk-v2.1\OgreMain\src\OgreGpuProgramParams.cpp (line 1657)
10:18:07: Error: ScriptCompiler - invalid parameters in Island.material(351): Named constants have not been initialised, perhaps a compile error.
10:18:07: Parsing script IsoSurf.material
10:18:07: Parsing script JRMyMaterials.material
10:18:07: Parsing script Laplace.material
10:18:07: Parsing script MKExamples.material
10:18:07: Parsing script MotionBlur.material
10:18:07: Parsing script MRTtest.material
10:18:07: Parsing script MyCompositors.material
10:18:07: Parsing script MyMaterials.material
10:18:07: Parsing script NBExamples.material
10:18:07: Parsing script NightVision.material
10:18:07: Parsing script Ocean.material
10:18:08: Parsing script OffsetMapping.material
10:18:08: Warnings while compiling D3D11 high-level shader Examples/OffsetMappingIntegratedShadowsVPhlsl:
C:\Users\lucas\Desktop\GBC College\Semester 05\Game Engine DEV\Game-Engine-Development---Assignment-1\OrgreTemplateV2\OrgreTemplateV2\OffsetMapping.hlsl(41,32-80): warning X3206: implicit truncation of vector type
C:\Users\lucas\Desktop\GBC College\Semester 05\Game Engine DEV\Game-Engine-Development---Assignment-1\OrgreTemplateV2\OrgreTemplateV2\OffsetMapping.hlsl(42,33-83): warning X3206: implicit truncation of vector type
C:\Users\lucas\Desktop\GBC College\Semester 05\Game Engine DEV\Game-Engine-Development---Assignment-1\OrgreTemplateV2\OrgreTemplateV2\OffsetMapping.hlsl(129,9-47): warning X3206: implicit truncation of vector type
C:\Users\lucas\Desktop\GBC College\Semester 05\Game Engine DEV\Game-Engine-Development---Assignment-1\OrgreTemplateV2\OrgreTemplateV2\OffsetMapping.hlsl(130,9-47): warning X3206: implicit truncation of vector type

10:18:08: Warnings while compiling D3D11 high-level shader Examples/OffsetMappingIntegratedShadowsFPhlsl:
C:\Users\lucas\Desktop\GBC College\Semester 05\Game Engine DEV\Game-Engine-Development---Assignment-1\OrgreTemplateV2\OrgreTemplateV2\OffsetMapping.hlsl(41,32-80): warning X3206: implicit truncation of vector type
C:\Users\lucas\Desktop\GBC College\Semester 05\Game Engine DEV\Game-Engine-Development---Assignment-1\OrgreTemplateV2\OrgreTemplateV2\OffsetMapping.hlsl(42,33-83): warning X3206: implicit truncation of vector type
C:\Users\lucas\Desktop\GBC College\Semester 05\Game Engine DEV\Game-Engine-Development---Assignment-1\OrgreTemplateV2\OrgreTemplateV2\OffsetMapping.hlsl(129,9-47): warning X3206: implicit truncation of vector type
C:\Users\lucas\Desktop\GBC College\Semester 05\Game Engine DEV\Game-Engine-Development---Assignment-1\OrgreTemplateV2\OrgreTemplateV2\OffsetMapping.hlsl(130,9-47): warning X3206: implicit truncation of vector type
C:\Users\lucas\Desktop\GBC College\Semester 05\Game Engine DEV\Game-Engine-Development---Assignment-1\OrgreTemplateV2\OrgreTemplateV2\OffsetMapping.hlsl(117,21): warning X3571: pow(f, e) will not work for negative f, use abs(f) or conditionally handle negative values if you expect them
C:\Users\lucas\Desktop\GBC College\Semester 05\Game Engine DEV\Game-Engine-Development---Assignment-1\OrgreTemplateV2\OrgreTemplateV2\OffsetMapping.hlsl(124,15): warning X3571: pow(f, e) will not work for negative f, use abs(f) or conditionally handle negative values if you expect them
C:\Users\lucas\Desktop\GBC College\Semester 05\Game Engine DEV\Game-Engine-Development---Assignment-1\OrgreTemplateV2\OrgreTemplateV2\OffsetMapping.hlsl(117,21): warning X3571: pow(f, e) will not work for negative f, use abs(f) or conditionally handle negative values if you expect them
C:\Users\lucas\Desktop\GBC College\Semester 05\Game Engine DEV\Game-Engine-Development---Assignment-1\OrgreTemplateV2\OrgreTemplateV2\OffsetMapping.hlsl(124,15): warning X3571: pow(f, e) will not work for negative f, use abs(f) or conditionally handle negative values if you expect them

10:18:08: Parsing script Ogre.material
10:18:08: Parsing script OldMovie.material
10:18:08: Parsing script OldTV.material
10:18:08: Parsing script ParticleGS.material
10:18:08: Parsing script Penguin.material
10:18:08: Parsing script Platform.material
10:18:08: Parsing script Platformer.material
10:18:08: Parsing script Posterize.material
10:18:08: Parsing script pssm.material
10:18:08: Parsing script RadialBlur.material
10:18:08: Parsing script RasterizationOrder.material
10:18:08: Parsing script RBDoodle.material
10:18:08: Parsing script RZR-002.material
10:18:08: Parsing script ShaderInstancing.material
10:18:08: Parsing script ShaderSystem.material
10:18:08: Parsing script SharpenEdges.material
10:18:08: Parsing script sibenik.material
10:18:08: Parsing script skMyMaterials.material
10:18:08: Parsing script smoke.material
10:18:08: Parsing script Swizzle.material
10:18:08: Parsing script TerrainTessellation.material
10:18:08: Ogre::RenderingAPIException::RenderingAPIException: Cannot compile D3D11 high-level shader Ogre/TerrainTessellation/HwTessellationPassThruVS Errors:
C:\Users\lucas\Desktop\GBC College\Semester 05\Game Engine DEV\Game-Engine-Development---Assignment-1\OrgreTemplateV2\OrgreTemplateV2\TerrainTessellation.hlsl(239,48-79): warning X3576: semantics in type overridden by variable/function or enclosing type
C:\Users\lucas\Desktop\GBC College\Semester 05\Game Engine DEV\Game-Engine-Development---Assignment-1\OrgreTemplateV2\OrgreTemplateV2\TerrainTessellation.hlsl(239,48-79): error X4577: Not all elements of SV_Position were written
C:\Users\lucas\Desktop\GBC College\Semester 05\Game Engine DEV\Game-Engine-Development---Assignment-1\OrgreTemplateV2\OrgreTemplateV2\TerrainTessellation.hlsl(239,48-79): error X4576: Output signature parameter SV_Position (1-based Entry 0) type must be float32 and mask must be xyzw. 
 in D3D11HLSLProgram::compileMicrocode at C:\Hooman\GBC\GAME3121\Course Materials\GameEngineDevelopment\ogre-sdk-v2.1\RenderSystems\Direct3D11\src\OgreD3D11HLSLProgram.cpp (line 495)
10:18:08: High-level program 'Ogre/TerrainTessellation/HwTessellationPassThruVS' is not supported: Cannot compile D3D11 high-level shader Ogre/TerrainTessellation/HwTessellationPassThruVS Errors:
C:\Users\lucas\Desktop\GBC College\Semester 05\Game Engine DEV\Game-Engine-Development---Assignment-1\OrgreTemplateV2\OrgreTemplateV2\TerrainTessellation.hlsl(239,48-79): warning X3576: semantics in type overridden by variable/function or enclosing type
C:\Users\lucas\Desktop\GBC College\Semester 05\Game Engine DEV\Game-Engine-Development---Assignment-1\OrgreTemplateV2\OrgreTemplateV2\TerrainTessellation.hlsl(239,48-79): error X4577: Not all elements of SV_Position were written
C:\Users\lucas\Desktop\GBC College\Semester 05\Game Engine DEV\Game-Engine-Development---Assignment-1\OrgreTemplateV2\OrgreTemplateV2\TerrainTessellation.hlsl(239,48-79): error X4576: Output signature parameter SV_Position (1-based Entry 0) type must be float32 and mask must be xyzw. 

10:18:08: Ogre::InvalidParametersException::InvalidParametersException: Named constants have not been initialised, perhaps a compile error. in GpuProgramParameters::_findNamedConstantDefinition at C:\Hooman\GBC\GAME3121\Course Materials\GameEngineDevelopment\ogre-sdk-v2.1\OgreMain\src\OgreGpuProgramParams.cpp (line 1657)
10:18:08: Error: ScriptCompiler - invalid parameters in TerrainTessellation.material(97): Named constants have not been initialised, perhaps a compile error.
10:18:08: Ogre::InvalidParametersException::InvalidParametersException: Named constants have not been initialised, perhaps a compile error. in GpuProgramParameters::_findNamedConstantDefinition at C:\Hooman\GBC\GAME3121\Course Materials\GameEngineDevelopment\ogre-sdk-v2.1\OgreMain\src\OgreGpuProgramParams.cpp (line 1657)
10:18:08: Error: ScriptCompiler - invalid parameters in TerrainTessellation.material(98): Named constants have not been initialised, perhaps a compile error.
10:18:08: Ogre::InvalidParametersException::InvalidParametersException: Named constants have not been initialised, perhaps a compile error. in GpuProgramParameters::_findNamedConstantDefinition at C:\Hooman\GBC\GAME3121\Course Materials\GameEngineDevelopment\ogre-sdk-v2.1\OgreMain\src\OgreGpuProgramParams.cpp (line 1657)
10:18:08: Error: ScriptCompiler - invalid parameters in TerrainTessellation.material(99): Named constants have not been initialised, perhaps a compile error.
10:18:08: Ogre::InvalidParametersException::InvalidParametersException: Named constants have not been initialised, perhaps a compile error. in GpuProgramParameters::_findNamedConstantDefinition at C:\Hooman\GBC\GAME3121\Course Materials\GameEngineDevelopment\ogre-sdk-v2.1\OgreMain\src\OgreGpuProgramParams.cpp (line 1657)
10:18:08: Error: ScriptCompiler - invalid parameters in TerrainTessellation.material(100): Named constants have not been initialised, perhaps a compile error.
10:18:08: Ogre::InvalidParametersException::InvalidParametersException: Named constants have not been initialised, perhaps a compile error. in GpuProgramParameters::_findNamedConstantDefinition at C:\Hooman\GBC\GAME3121\Course Materials\GameEngineDevelopment\ogre-sdk-v2.1\OgreMain\src\OgreGpuProgramParams.cpp (line 1657)
10:18:08: Error: ScriptCompiler - invalid parameters in TerrainTessellation.material(101): Named constants have not been initialised, perhaps a compile error.
10:18:08: Ogre::RenderingAPIException::RenderingAPIException: Cannot compile D3D11 high-level shader Ogre/TerrainTessellation/TerrainScreenspaceLODHS Errors:
C:\Users\lucas\Desktop\GBC College\Semester 05\Game Engine DEV\Game-Engine-Development---Assignment-1\OrgreTemplateV2\OrgreTemplateV2\TerrainTessellation.hlsl(518,74): warning X3576: semantics in type overridden by variable/function or enclosing type
C:\Users\lucas\Desktop\GBC College\Semester 05\Game Engine DEV\Game-Engine-Development---Assignment-1\OrgreTemplateV2\OrgreTemplateV2\TerrainTessellation.hlsl(414,97-98): warning X3576: semantics in type overridden by variable/function or enclosing type
C:\Users\lucas\Desktop\GBC College\Semester 05\Game Engine DEV\Game-Engine-Development---Assignment-1\OrgreTemplateV2\OrgreTemplateV2\TerrainTessellation.hlsl(400,6-17): warning X3556: integer modulus may be much slower, try using uints if possible.
C:\Users\lucas\Desktop\GBC College\Semester 05\Game Engine DEV\Game-Engine-Development---Assignment-1\OrgreTemplateV2\OrgreTemplateV2\TerrainTessellation.hlsl(335,2): warning X4000: use of potentially uninitialized variable (inFrustum)
C:\Users\lucas\Desktop\GBC College\Semester 05\Game Engine DEV\Game-Engine-Development---Assignment-1\OrgreTemplateV2\OrgreTemplateV2\TerrainTessellation.hlsl(518,74): error X4576: Input signature parameter SV_Position (1-based Entry 0) type must be float32 and mask must be xyzw. 
 in D3D11HLSLProgram::compileMicrocode at C:\Hooman\GBC\GAME3121\Course Materials\GameEngineDevelopment\ogre-sdk-v2.1\RenderSystems\Direct3D11\src\OgreD3D11HLSLProgram.cpp (line 495)
10:18:08: High-level program 'Ogre/TerrainTessellation/TerrainScreenspaceLODHS' is not supported: Cannot compile D3D11 high-level shader Ogre/TerrainTessellation/TerrainScreenspaceLODHS Errors:
C:\Users\lucas\Desktop\GBC College\Semester 05\Game Engine DEV\Game-Engine-Development---Assignment-1\OrgreTemplateV2\OrgreTemplateV2\TerrainTessellation.hlsl(518,74): warning X3576: semantics in type overridden by variable/function or enclosing type
C:\Users\lucas\Desktop\GBC College\Semester 05\Game Engine DEV\Game-Engine-Development---Assignment-1\OrgreTemplateV2\OrgreTemplateV2\TerrainTessellation.hlsl(414,97-98): warning X3576: semantics in type overridden by variable/function or enclosing type
C:\Users\lucas\Desktop\GBC College\Semester 05\Game Engine DEV\Game-Engine-Development---Assignment-1\OrgreTemplateV2\OrgreTemplateV2\TerrainTessellation.hlsl(400,6-17): warning X3556: integer modulus may be much slower, try using uints if possible.
C:\Users\lucas\Desktop\GBC College\Semester 05\Game Engine DEV\Game-Engine-Development---Assignment-1\OrgreTemplateV2\OrgreTemplateV2\TerrainTessellation.hlsl(335,2): warning X4000: use of potentially uninitialized variable (inFrustum)
C:\Users\lucas\Desktop\GBC College\Semester 05\Game Engine DEV\Game-Engine-Development---Assignment-1\OrgreTemplateV2\OrgreTemplateV2\TerrainTessellation.hlsl(518,74): error X4576: Input signature parameter SV_Position (1-based Entry 0) type must be float32 and mask must be xyzw. 

10:18:08: Ogre::InvalidParametersException::InvalidParametersException: Named constants have not been initialised, perhaps a compile error. in GpuProgramParameters::_findNamedConstantDefinition at C:\Hooman\GBC\GAME3121\Course Materials\GameEngineDevelopment\ogre-sdk-v2.1\OgreMain\src\OgreGpuProgramParams.cpp (line 1657)
10:18:08: Error: ScriptCompiler - invalid parameters in TerrainTessellation.material(131): setting of constant failed
10:18:08: Ogre::InvalidParametersException::InvalidParametersException: Named constants have not been initialised, perhaps a compile error. in GpuProgramParameters::_findNamedConstantDefinition at C:\Hooman\GBC\GAME3121\Course Materials\GameEngineDevelopment\ogre-sdk-v2.1\OgreMain\src\OgreGpuProgramParams.cpp (line 1657)
10:18:08: Error: ScriptCompiler - invalid parameters in TerrainTessellation.material(132): setting of constant failed
10:18:08: Ogre::InvalidParametersException::InvalidParametersException: Named constants have not been initialised, perhaps a compile error. in GpuProgramParameters::_findNamedConstantDefinition at C:\Hooman\GBC\GAME3121\Course Materials\GameEngineDevelopment\ogre-sdk-v2.1\OgreMain\src\OgreGpuProgramParams.cpp (line 1657)
10:18:08: Error: ScriptCompiler - invalid parameters in TerrainTessellation.material(133): setting of constant failed
10:18:08: Ogre::InvalidParametersException::InvalidParametersException: Named constants have not been initialised, perhaps a compile error. in GpuProgramParameters::_findNamedConstantDefinition at C:\Hooman\GBC\GAME3121\Course Materials\GameEngineDevelopment\ogre-sdk-v2.1\OgreMain\src\OgreGpuProgramParams.cpp (line 1657)
10:18:08: Error: ScriptCompiler - invalid parameters in TerrainTessellation.material(134): setting of constant failed
10:18:08: Ogre::InvalidParametersException::InvalidParametersException: Named constants have not been initialised, perhaps a compile error. in GpuProgramParameters::_findNamedConstantDefinition at C:\Hooman\GBC\GAME3121\Course Materials\GameEngineDevelopment\ogre-sdk-v2.1\OgreMain\src\OgreGpuProgramParams.cpp (line 1657)
10:18:08: Error: ScriptCompiler - invalid parameters in TerrainTessellation.material(135): setting of constant failed
10:18:08: Ogre::InvalidParametersException::InvalidParametersException: Named constants have not been initialised, perhaps a compile error. in GpuProgramParameters::_findNamedConstantDefinition at C:\Hooman\GBC\GAME3121\Course Materials\GameEngineDevelopment\ogre-sdk-v2.1\OgreMain\src\OgreGpuProgramParams.cpp (line 1657)
10:18:08: Error: ScriptCompiler - invalid parameters in TerrainTessellation.material(136): setting of constant failed
10:18:08: Ogre::RenderingAPIException::RenderingAPIException: Cannot compile D3D11 high-level shader Ogre/TerrainTessellation/TerrainDisplaceDS Errors:
C:\Users\lucas\Desktop\GBC College\Semester 05\Game Engine DEV\Game-Engine-Development---Assignment-1\OrgreTemplateV2\OrgreTemplateV2\TerrainTessellation.hlsl(599,53-63): error X4576: Input signature parameter SV_Position (1-based Entry 0) type must be float32 and mask must be xyzw. 
 in D3D11HLSLProgram::compileMicrocode at C:\Hooman\GBC\GAME3121\Course Materials\GameEngineDevelopment\ogre-sdk-v2.1\RenderSystems\Direct3D11\src\OgreD3D11HLSLProgram.cpp (line 495)
10:18:08: High-level program 'Ogre/TerrainTessellation/TerrainDisplaceDS' is not supported: Cannot compile D3D11 high-level shader Ogre/TerrainTessellation/TerrainDisplaceDS Errors:
C:\Users\lucas\Desktop\GBC College\Semester 05\Game Engine DEV\Game-Engine-Development---Assignment-1\OrgreTemplateV2\OrgreTemplateV2\TerrainTessellation.hlsl(599,53-63): error X4576: Input signature parameter SV_Position (1-based Entry 0) type must be float32 and mask must be xyzw. 

10:18:08: Ogre::InvalidParametersException::InvalidParametersException: Named constants have not been initialised, perhaps a compile error. in GpuProgramParameters::_findNamedConstantDefinition at C:\Hooman\GBC\GAME3121\Course Materials\GameEngineDevelopment\ogre-sdk-v2.1\OgreMain\src\OgreGpuProgramParams.cpp (line 1657)
10:18:08: Error: ScriptCompiler - invalid parameters in TerrainTessellation.material(148): setting of constant failed
10:18:08: Ogre::InvalidParametersException::InvalidParametersException: Named constants have not been initialised, perhaps a compile error. in GpuProgramParameters::_findNamedConstantDefinition at C:\Hooman\GBC\GAME3121\Course Materials\GameEngineDevelopment\ogre-sdk-v2.1\OgreMain\src\OgreGpuProgramParams.cpp (line 1657)
10:18:08: Error: ScriptCompiler - invalid parameters in TerrainTessellation.material(149): Named constants have not been initialised, perhaps a compile error.
10:18:08: Ogre::InvalidParametersException::InvalidParametersException: Named constants have not been initialised, perhaps a compile error. in GpuProgramParameters::_findNamedConstantDefinition at C:\Hooman\GBC\GAME3121\Course Materials\GameEngineDevelopment\ogre-sdk-v2.1\OgreMain\src\OgreGpuProgramParams.cpp (line 1657)
10:18:08: Error: ScriptCompiler - invalid parameters in TerrainTessellation.material(150): Named constants have not been initialised, perhaps a compile error.
10:18:08: Parsing script Tessellation.material
10:18:08: Ogre::RenderingAPIException::RenderingAPIException: Cannot compile D3D11 high-level shader Ogre/Tessellation/TessellationHullProgramHLSL Errors:
C:\Users\lucas\Desktop\GBC College\Semester 05\Game Engine DEV\Game-Engine-Development---Assignment-1\OrgreTemplateV2\OrgreTemplateV2\Tessellation.hlsl(78,54): error X4576: Input signature parameter SV_Position (1-based Entry 0) type must be float32 and mask must be xyzw. 
 in D3D11HLSLProgram::compileMicrocode at C:\Hooman\GBC\GAME3121\Course Materials\GameEngineDevelopment\ogre-sdk-v2.1\RenderSystems\Direct3D11\src\OgreD3D11HLSLProgram.cpp (line 495)
10:18:08: High-level program 'Ogre/Tessellation/TessellationHullProgramHLSL' is not supported: Cannot compile D3D11 high-level shader Ogre/Tessellation/TessellationHullProgramHLSL Errors:
C:\Users\lucas\Desktop\GBC College\Semester 05\Game Engine DEV\Game-Engine-Development---Assignment-1\OrgreTemplateV2\OrgreTemplateV2\Tessellation.hlsl(78,54): error X4576: Input signature parameter SV_Position (1-based Entry 0) type must be float32 and mask must be xyzw. 

10:18:08: Ogre::InvalidParametersException::InvalidParametersException: Named constants have not been initialised, perhaps a compile error. in GpuProgramParameters::_findNamedConstantDefinition at C:\Hooman\GBC\GAME3121\Course Materials\GameEngineDevelopment\ogre-sdk-v2.1\OgreMain\src\OgreGpuProgramParams.cpp (line 1657)
10:18:08: Error: ScriptCompiler - invalid parameters in Tessellation.material(28): Named constants have not been initialised, perhaps a compile error.
10:18:08: Ogre::RenderingAPIException::RenderingAPIException: Cannot compile D3D11 high-level shader Ogre/Tessellation/TessellationDomainProgramHLSL Errors:
C:\Users\lucas\Desktop\GBC College\Semester 05\Game Engine DEV\Game-Engine-Development---Assignment-1\OrgreTemplateV2\OrgreTemplateV2\Tessellation.hlsl(97,53-56): error X4576: Input signature parameter SV_Position (1-based Entry 0) type must be float32 and mask must be xyzw. 
 in D3D11HLSLProgram::compileMicrocode at C:\Hooman\GBC\GAME3121\Course Materials\GameEngineDevelopment\ogre-sdk-v2.1\RenderSystems\Direct3D11\src\OgreD3D11HLSLProgram.cpp (line 495)
10:18:08: High-level program 'Ogre/Tessellation/TessellationDomainProgramHLSL' is not supported: Cannot compile D3D11 high-level shader Ogre/Tessellation/TessellationDomainProgramHLSL Errors:
C:\Users\lucas\Desktop\GBC College\Semester 05\Game Engine DEV\Game-Engine-Development---Assignment-1\OrgreTemplateV2\OrgreTemplateV2\Tessellation.hlsl(97,53-56): error X4576: Input signature parameter SV_Position (1-based Entry 0) type must be float32 and mask must be xyzw. 

10:18:08: Ogre::InvalidParametersException::InvalidParametersException: Named constants have not been initialised, perhaps a compile error. in GpuProgramParameters::_findNamedConstantDefinition at C:\Hooman\GBC\GAME3121\Course Materials\GameEngineDevelopment\ogre-sdk-v2.1\OgreMain\src\OgreGpuProgramParams.cpp (line 1657)
10:18:08: Error: ScriptCompiler - invalid parameters in Tessellation.material(57): setting of constant failed
10:18:08: Ogre::RenderingAPIException::RenderingAPIException: Cannot compile D3D11 high-level shader Ogre/Tessellation/VertexProgramHLSL Errors:
C:\Users\lucas\Desktop\GBC College\Semester 05\Game Engine DEV\Game-Engine-Development---Assignment-1\OrgreTemplateV2\OrgreTemplateV2\Tessellation.hlsl(35,26-58): error X4577: Not all elements of SV_Position were written
C:\Users\lucas\Desktop\GBC College\Semester 05\Game Engine DEV\Game-Engine-Development---Assignment-1\OrgreTemplateV2\OrgreTemplateV2\Tessellation.hlsl(35,26-58): error X4576: Output signature parameter SV_Position (1-based Entry 0) type must be float32 and mask must be xyzw. 
 in D3D11HLSLProgram::compileMicrocode at C:\Hooman\GBC\GAME3121\Course Materials\GameEngineDevelopment\ogre-sdk-v2.1\RenderSystems\Direct3D11\src\OgreD3D11HLSLProgram.cpp (line 495)
10:18:08: High-level program 'Ogre/Tessellation/VertexProgramHLSL' is not supported: Cannot compile D3D11 high-level shader Ogre/Tessellation/VertexProgramHLSL Errors:
C:\Users\lucas\Desktop\GBC College\Semester 05\Game Engine DEV\Game-Engine-Development---Assignment-1\OrgreTemplateV2\OrgreTemplateV2\Tessellation.hlsl(35,26-58): error X4577: Not all elements of SV_Position were written
C:\Users\lucas\Desktop\GBC College\Semester 05\Game Engine DEV\Game-Engine-Development---Assignment-1\OrgreTemplateV2\OrgreTemplateV2\Tessellation.hlsl(35,26-58): error X4576: Output signature parameter SV_Position (1-based Entry 0) type must be float32 and mask must be xyzw. 

10:18:08: Parsing script Tiling.material
10:18:08: Parsing script VarianceShadowmap.material
10:18:08: Parsing script VTFInstancing.material
10:18:08: Parsing script deferreddemo.material
10:18:08: Parsing script deferred_post.material
10:18:08: Parsing script deferred_post_minilight.material
10:18:08: Parsing script ShadowCaster.material
10:18:08: Parsing script ssao.material
10:18:09: Parsing script ROOM.material
10:18:09: Parsing script CreaseShading.material
10:18:09: Parsing script Crytek.material
10:18:09: Parsing script GBuffer.material
10:18:09: Parsing script HemisphereMC.material
10:18:09: Parsing script HorizonBased.material
10:18:09: Parsing script Modulate.material
10:18:09: Parsing script ShowDepth.material
10:18:09: Parsing script ShowNormals.material
10:18:09: Parsing script ShowViewPos.material
10:18:09: Parsing script SSAOPost.material
10:18:09: Ogre::InternalErrorException::InternalErrorException: Unable to compile Cg program SSAO/Post/BoxFilter_fp_cg: The compile returned an error.
(0) : error C7002: Loop counter intial value -2 out of profile's supported range [0,255]
 in CgProgram::compileMicrocode at C:\Hooman\GBC\GAME3121\Course Materials\GameEngineDevelopment\ogre-sdk-v2.1\PlugIns\CgProgramManager\src\OgreCgProgramManagerDll.cpp (line 70)
10:18:09: High-level program 'SSAO/Post/BoxFilter_fp_cg' is not supported: Unable to compile Cg program SSAO/Post/BoxFilter_fp_cg: The compile returned an error.
(0) : error C7002: Loop counter intial value -2 out of profile's supported range [0,255]

10:18:09: Ogre::InvalidParametersException::InvalidParametersException: Named constants have not been initialised, perhaps a compile error. in GpuProgramParameters::_findNamedConstantDefinition at C:\Hooman\GBC\GAME3121\Course Materials\GameEngineDevelopment\ogre-sdk-v2.1\OgreMain\src\OgreGpuProgramParams.cpp (line 1657)
10:18:09: Error: ScriptCompiler - invalid parameters in SSAOPost.material(160): setting of constant failed
10:18:09: Ogre::InternalErrorException::InternalErrorException: Unable to compile Cg program SSAO/Post/SmartBoxFilter_fp_cg: The compile returned an error.
(0) : error C7002: Loop counter intial value -2 out of profile's supported range [0,255]
(0) : error C7002: Loop counter intial value -2 out of profile's supported range [0,255]
 in CgProgram::compileMicrocode at C:\Hooman\GBC\GAME3121\Course Materials\GameEngineDevelopment\ogre-sdk-v2.1\PlugIns\CgProgramManager\src\OgreCgProgramManagerDll.cpp (line 70)
10:18:09: High-level program 'SSAO/Post/SmartBoxFilter_fp_cg' is not supported: Unable to compile Cg program SSAO/Post/SmartBoxFilter_fp_cg: The compile returned an error.
(0) : error C7002: Loop counter intial value -2 out of profile's supported range [0,255]
(0) : error C7002: Loop counter intial value -2 out of profile's supported range [0,255]

10:18:09: Ogre::InvalidParametersException::InvalidParametersException: Named constants have not been initialised, perhaps a compile error. in GpuProgramParameters::_findNamedConstantDefinition at C:\Hooman\GBC\GAME3121\Course Materials\GameEngineDevelopment\ogre-sdk-v2.1\OgreMain\src\OgreGpuProgramParams.cpp (line 1657)
10:18:09: Error: ScriptCompiler - invalid parameters in SSAOPost.material(184): setting of constant failed
10:18:09: Ogre::InvalidParametersException::InvalidParametersException: Named constants have not been initialised, perhaps a compile error. in GpuProgramParameters::_findNamedConstantDefinition at C:\Hooman\GBC\GAME3121\Course Materials\GameEngineDevelopment\ogre-sdk-v2.1\OgreMain\src\OgreGpuProgramParams.cpp (line 1657)
10:18:09: Error: ScriptCompiler - invalid parameters in SSAOPost.material(185): setting of constant failed
10:18:09: Parsing script UnsharpMask.material
10:18:09: Ogre::InternalErrorException::InternalErrorException: Unable to compile Cg program SSAO/UnsharpMask/GaussianBlurX_fp_cg: The compile returned an error.
(0) : error C6001: Temporary register limit of 12 exceeded; 18 registers needed to compile program
 in CgProgram::compileMicrocode at C:\Hooman\GBC\GAME3121\Course Materials\GameEngineDevelopment\ogre-sdk-v2.1\PlugIns\CgProgramManager\src\OgreCgProgramManagerDll.cpp (line 70)
10:18:09: High-level program 'SSAO/UnsharpMask/GaussianBlurX_fp_cg' is not supported: Unable to compile Cg program SSAO/UnsharpMask/GaussianBlurX_fp_cg: The compile returned an error.
(0) : error C6001: Temporary register limit of 12 exceeded; 18 registers needed to compile program

10:18:09: Ogre::InvalidParametersException::InvalidParametersException: Named constants have not been initialised, perhaps a compile error. in GpuProgramParameters::_findNamedConstantDefinition at C:\Hooman\GBC\GAME3121\Course Materials\GameEngineDevelopment\ogre-sdk-v2.1\OgreMain\src\OgreGpuProgramParams.cpp (line 1657)
10:18:09: Error: ScriptCompiler - invalid parameters in UnsharpMask.material(106): setting of constant failed
10:18:09: Ogre::InvalidParametersException::InvalidParametersException: Named constants have not been initialised, perhaps a compile error. in GpuProgramParameters::_findNamedConstantDefinition at C:\Hooman\GBC\GAME3121\Course Materials\GameEngineDevelopment\ogre-sdk-v2.1\OgreMain\src\OgreGpuProgramParams.cpp (line 1657)
10:18:09: Error: ScriptCompiler - invalid parameters in UnsharpMask.material(107): Named constants have not been initialised, perhaps a compile error.
10:18:09: Ogre::InternalErrorException::InternalErrorException: Unable to compile Cg program SSAO/UnsharpMask/GaussianBlurY_fp_cg: The compile returned an error.
(0) : error C6001: Temporary register limit of 12 exceeded; 18 registers needed to compile program
 in CgProgram::compileMicrocode at C:\Hooman\GBC\GAME3121\Course Materials\GameEngineDevelopment\ogre-sdk-v2.1\PlugIns\CgProgramManager\src\OgreCgProgramManagerDll.cpp (line 70)
10:18:09: High-level program 'SSAO/UnsharpMask/GaussianBlurY_fp_cg' is not supported: Unable to compile Cg program SSAO/UnsharpMask/GaussianBlurY_fp_cg: The compile returned an error.
(0) : error C6001: Temporary register limit of 12 exceeded; 18 registers needed to compile program

10:18:09: Ogre::InvalidParametersException::InvalidParametersException: Named constants have not been initialised, perhaps a compile error. in GpuProgramParameters::_findNamedConstantDefinition at C:\Hooman\GBC\GAME3121\Course Materials\GameEngineDevelopment\ogre-sdk-v2.1\OgreMain\src\OgreGpuProgramParams.cpp (line 1657)
10:18:09: Error: ScriptCompiler - invalid parameters in UnsharpMask.material(131): setting of constant failed
10:18:09: Ogre::InvalidParametersException::InvalidParametersException: Named constants have not been initialised, perhaps a compile error. in GpuProgramParameters::_findNamedConstantDefinition at C:\Hooman\GBC\GAME3121\Course Materials\GameEngineDevelopment\ogre-sdk-v2.1\OgreMain\src\OgreGpuProgramParams.cpp (line 1657)
10:18:09: Error: ScriptCompiler - invalid parameters in UnsharpMask.material(132): Named constants have not been initialised, perhaps a compile error.
10:18:09: Parsing script Volumetric.material
10:18:09: Parsing script triplanarReference.material
10:18:09: Parsing script glTF2_PBR.material
10:18:09: Parsing script RomanBath.material
10:18:09: Parsing script Sinbad.material
10:18:09: Parsing script emitted_emitter.particle
10:18:09: Texture 'flare.png': Loading 1 faces(PF_B8G8R8,256x256x1) with 8 generated mipmaps from Image. Internal format is PF_A8B8G8R8,256x256x1.
10:18:09: Parsing script Examples-Water.particle
10:18:09: Texture 'basic_droplet.png': Loading 1 faces(PF_B8G8R8,64x64x1) with 6 generated mipmaps from Image. Internal format is PF_A8B8G8R8,64x64x1.
10:18:09: Parsing script Examples.particle
10:18:09: Texture 'flaretrail.png': Loading 1 faces(PF_B8G8R8,128x128x1) with 7 generated mipmaps from Image. Internal format is PF_A8B8G8R8,128x128x1.
10:18:09: Texture 'aureola.png': Loading 1 faces(PF_BYTE_LA,256x256x1) with 8 generated mipmaps from Image. Internal format is PF_A8B8G8R8,256x256x1.
10:18:09: Parsing script smoke.particle
10:18:09: Texture 'smoke.png': Loading 1 faces(PF_A8B8G8R8,256x256x1) with 8 generated mipmaps from Image. Internal format is PF_A8B8G8R8,256x256x1.
10:18:09: Parsing script Examples.compositor
10:18:09: Parsing script deferred.compositor
10:18:09: Parsing script ssao.compositor
10:18:09: Parsing script SSAO.compositor
10:18:09: Parsing script SSAOPost.compositor
10:18:09: Finished parsing scripts for resource group General
10:18:09: Creating resources for group General
10:18:09: All done
10:18:09: Parsing scripts for resource group OgreAutodetect
10:18:09: Finished parsing scripts for resource group OgreAutodetect
10:18:09: Creating resources for group OgreAutodetect
10:18:09: All done
10:18:09: Parsing scripts for resource group OgreInternal
10:18:09: Parsing script ShadowVolumeExtude.program
10:18:09: Parsing script DualQuaternionSkinning_Shadow.material
10:18:09: Ogre::FileNotFoundException::FileNotFoundException: Cannot locate resource DualQuaternionSkinning_Shadow.hlsl in resource group OgreInternal. in ResourceGroupManager::openResource at C:\Hooman\GBC\GAME3121\Course Materials\GameEngineDevelopment\ogre-sdk-v2.1\OgreMain\src\OgreResourceGroupManager.cpp (line 705)
10:18:09: High-level program 'Ogre/RTShader/shadow_caster_dq_ps_hlsl' is not supported: Cannot locate resource DualQuaternionSkinning_Shadow.hlsl in resource group OgreInternal.
10:18:09: Ogre::FileNotFoundException::FileNotFoundException: Cannot locate resource DualQuaternionSkinning_Shadow.hlsl in resource group OgreInternal. in ResourceGroupManager::openResource at C:\Hooman\GBC\GAME3121\Course Materials\GameEngineDevelopment\ogre-sdk-v2.1\OgreMain\src\OgreResourceGroupManager.cpp (line 705)
10:18:09: High-level program 'Ogre/RTShader/shadow_caster_dq_skinning_2weight_twophase_vs_hlsl' is not supported: Cannot locate resource DualQuaternionSkinning_Shadow.hlsl in resource group OgreInternal.
10:18:09: Ogre::InvalidParametersException::InvalidParametersException: Named constants have not been initialised, perhaps a compile error. in GpuProgramParameters::_findNamedConstantDefinition at C:\Hooman\GBC\GAME3121\Course Materials\GameEngineDevelopment\ogre-sdk-v2.1\OgreMain\src\OgreGpuProgramParams.cpp (line 1657)
10:18:09: Error: ScriptCompiler - invalid parameters in DualQuaternionSkinning_Shadow.material(262): setting of constant failed
10:18:09: Ogre::InvalidParametersException::InvalidParametersException: Named constants have not been initialised, perhaps a compile error. in GpuProgramParameters::_findNamedConstantDefinition at C:\Hooman\GBC\GAME3121\Course Materials\GameEngineDevelopment\ogre-sdk-v2.1\OgreMain\src\OgreGpuProgramParams.cpp (line 1657)
10:18:09: Error: ScriptCompiler - invalid parameters in DualQuaternionSkinning_Shadow.material(263): setting of constant failed
10:18:09: Ogre::InvalidParametersException::InvalidParametersException: Named constants have not been initialised, perhaps a compile error. in GpuProgramParameters::_findNamedConstantDefinition at C:\Hooman\GBC\GAME3121\Course Materials\GameEngineDevelopment\ogre-sdk-v2.1\OgreMain\src\OgreGpuProgramParams.cpp (line 1657)
10:18:09: Error: ScriptCompiler - invalid parameters in DualQuaternionSkinning_Shadow.material(264): setting of constant failed
10:18:09: Ogre::InvalidParametersException::InvalidParametersException: Named constants have not been initialised, perhaps a compile error. in GpuProgramParameters::_findNamedConstantDefinition at C:\Hooman\GBC\GAME3121\Course Materials\GameEngineDevelopment\ogre-sdk-v2.1\OgreMain\src\OgreGpuProgramParams.cpp (line 1657)
10:18:09: Error: ScriptCompiler - invalid parameters in DualQuaternionSkinning_Shadow.material(265): setting of constant failed
10:18:09: Parsing script HardwareSkinningShadow.material
10:18:09: Ogre::FileNotFoundException::FileNotFoundException: Cannot locate resource HardwareSkinningShadow.hlsl in resource group OgreInternal. in ResourceGroupManager::openResource at C:\Hooman\GBC\GAME3121\Course Materials\GameEngineDevelopment\ogre-sdk-v2.1\OgreMain\src\OgreResourceGroupManager.cpp (line 705)
10:18:09: High-level program 'Ogre/RTShader/shadow_caster_ps_hlsl' is not supported: Cannot locate resource HardwareSkinningShadow.hlsl in resource group OgreInternal.
10:18:09: Ogre::FileNotFoundException::FileNotFoundException: Cannot locate resource HardwareSkinningShadow.hlsl in resource group OgreInternal. in ResourceGroupManager::openResource at C:\Hooman\GBC\GAME3121\Course Materials\GameEngineDevelopment\ogre-sdk-v2.1\OgreMain\src\OgreResourceGroupManager.cpp (line 705)
10:18:09: High-level program 'Ogre/RTShader/shadow_caster_skinning_2weight_vs_hlsl' is not supported: Cannot locate resource HardwareSkinningShadow.hlsl in resource group OgreInternal.
10:18:09: Ogre::InvalidParametersException::InvalidParametersException: Named constants have not been initialised, perhaps a compile error. in GpuProgramParameters::_findNamedConstantDefinition at C:\Hooman\GBC\GAME3121\Course Materials\GameEngineDevelopment\ogre-sdk-v2.1\OgreMain\src\OgreGpuProgramParams.cpp (line 1657)
10:18:09: Error: ScriptCompiler - invalid parameters in HardwareSkinningShadow.material(106): setting of constant failed
10:18:09: Ogre::InvalidParametersException::InvalidParametersException: Named constants have not been initialised, perhaps a compile error. in GpuProgramParameters::_findNamedConstantDefinition at C:\Hooman\GBC\GAME3121\Course Materials\GameEngineDevelopment\ogre-sdk-v2.1\OgreMain\src\OgreGpuProgramParams.cpp (line 1657)
10:18:09: Error: ScriptCompiler - invalid parameters in HardwareSkinningShadow.material(107): setting of constant failed
10:18:09: Parsing script RTShaderSystem.material
10:18:09: Parsing script TriplanarTexturing.material
10:18:09: Finished parsing scripts for resource group OgreInternal
10:18:09: Creating resources for group OgreInternal
10:18:09: All done
10:18:09: Parsing scripts for resource group Tests
10:18:09: Parsing script glow.material
10:18:09: Finished parsing scripts for resource group Tests
10:18:09: Creating resources for group Tests
10:18:09: All done
10:18:09: Mesh: Loading cube.mesh.
10:18:09: Texture 'Water02.jpg': Loading 1 faces(PF_B8G8R8,512x512x1) with 9 generated mipmaps from Image. Internal format is PF_A8B8G8R8,512x512x1.
10:18:09: Mesh: Loading sphere.mesh.
10:18:09: Texture 'leaf.png': Loading 1 faces(PF_A8B8G8R8,640x640x1) with 9 generated mipmaps from Image. Internal format is PF_A8B8G8R8,640x640x1.
10:18:09: Texture 'spot_shadow_fade.png': Loading 1 faces(PF_B8G8R8,128x128x1) with 7 generated mipmaps from Image. Internal format is PF_A8B8G8R8,128x128x1.
10:18:10: Warnings while compiling D3D11 high-level shader 458aa5034690dcb37eaa241d5647e9e0_VS:
(31,14-25): warning X3578: Output value 'oTexcoord3_0' is not completely initialized

10:18:10: Warnings while compiling D3D11 high-level shader 7c5c50380091f9af14bb32caa7f764c0_FS:
SGXLib_LayeredBlending.cg(60,41): warning X4000: use of potentially uninitialized variable (hsl)

10:18:10: Font SdkTrays/Value using texture size 512x256
10:18:10: Texture 'SdkTrays/ValueTexture': Loading 1 faces(PF_BYTE_LA,512x256x1) with 0 custom mipmaps from Image. Internal format is PF_A8B8G8R8,512x256x1.
10:18:10: Font SdkTrays/Caption using texture size 256x256
10:18:10: Texture 'SdkTrays/CaptionTexture': Loading 1 faces(PF_BYTE_LA,256x256x1) with 0 custom mipmaps from Image. Internal format is PF_A8B8G8R8,256x256x1.
10:19:26: Unregistering ResourceManager for type Font
10:19:26: DefaultWorkQueue('Root') shutting down on thread 3920.
10:19:26: DefaultWorkQueue('Root')::WorkerFunc - thread 6952 stopped.
10:19:26: DefaultWorkQueue('Root')::WorkerFunc - thread 17956 stopped.
10:19:26: *-*-* OGRE Shutdown
10:19:26: Unregistering ResourceManager for type Compositor
10:19:26: Unloading library C:/Users/lucas/Desktop/GBC College/Semester 05/Game Engine DEV/Game-Engine-Development---Assignment-1/OrgreTemplateV2/OrgreTemplateV2/x64/Debug/.\Codec_STBI
10:19:26: Uninstalling plugin: Cg Program Manager
10:19:26: Plugin successfully uninstalled
10:19:26: Unloading library C:/Users/lucas/Desktop/GBC College/Semester 05/Game Engine DEV/Game-Engine-Development---Assignment-1/OrgreTemplateV2/OrgreTemplateV2/x64/Debug/.\Plugin_CgProgramManager
10:19:26: Uninstalling plugin: BSP Scene Manager
10:19:26: Plugin successfully uninstalled
10:19:26: Unloading library C:/Users/lucas/Desktop/GBC College/Semester 05/Game Engine DEV/Game-Engine-Development---Assignment-1/OrgreTemplateV2/OrgreTemplateV2/x64/Debug/.\Plugin_BSPSceneManager
10:19:26: Uninstalling plugin: ParticleFX
10:19:26: Plugin successfully uninstalled
10:19:26: Unloading library C:/Users/lucas/Desktop/GBC College/Semester 05/Game Engine DEV/Game-Engine-Development---Assignment-1/OrgreTemplateV2/OrgreTemplateV2/x64/Debug/.\Plugin_ParticleFX
10:19:26: Uninstalling plugin: GL 3+ RenderSystem
10:19:26: *** Stopping Win32GL Subsystem ***
10:19:26: Plugin successfully uninstalled
10:19:26: Unloading library C:/Users/lucas/Desktop/GBC College/Semester 05/Game Engine DEV/Game-Engine-Development---Assignment-1/OrgreTemplateV2/OrgreTemplateV2/x64/Debug/.\RenderSystem_GL3Plus
10:19:26: Uninstalling plugin: GL RenderSystem
10:19:26: *** Stopping Win32GL Subsystem ***
10:19:26: Plugin successfully uninstalled
10:19:26: Unloading library C:/Users/lucas/Desktop/GBC College/Semester 05/Game Engine DEV/Game-Engine-Development---Assignment-1/OrgreTemplateV2/OrgreTemplateV2/x64/Debug/.\RenderSystem_GL
10:19:26: Uninstalling plugin: D3D11 RenderSystem
10:19:26: D3D11: Shutting down cleanly.
10:19:26: Unregistering ResourceManager for type Texture
10:19:26: Unregistering ResourceManager for type GpuProgram
10:19:26: D3D11: Direct3D11 Rendering Subsystem destroyed.
10:19:26: Plugin successfully uninstalled
10:19:26: Unloading library C:/Users/lucas/Desktop/GBC College/Semester 05/Game Engine DEV/Game-Engine-Development---Assignment-1/OrgreTemplateV2/OrgreTemplateV2/x64/Debug/.\RenderSystem_Direct3D11
10:19:26: Unregistering ResourceManager for type Skeleton
10:19:26: Unregistering ResourceManager for type Mesh
10:19:26: Unregistering ResourceManager for type HighLevelGpuProgram
10:19:26: Unregistering ResourceManager for type Material
