c:\users\julaxe\documents\dev\gbc\gameenginedevelopment\content\game-engine-development---assignment-1\orgretemplatev2\orgretemplatev2\x64\debug\vc142.pdb
c:\users\julaxe\documents\dev\gbc\gameenginedevelopment\content\game-engine-development---assignment-1\orgretemplatev2\orgretemplatev2\x64\debug\vc142.idb
c:\users\julaxe\documents\dev\gbc\gameenginedevelopment\content\game-engine-development---assignment-1\orgretemplatev2\orgretemplatev2\x64\debug\update.obj
c:\users\julaxe\documents\dev\gbc\gameenginedevelopment\content\game-engine-development---assignment-1\orgretemplatev2\orgretemplatev2\x64\debug\uilabels.obj
c:\users\julaxe\documents\dev\gbc\gameenginedevelopment\content\game-engine-development---assignment-1\orgretemplatev2\orgretemplatev2\x64\debug\platform.obj
c:\users\julaxe\documents\dev\gbc\gameenginedevelopment\content\game-engine-development---assignment-1\orgretemplatev2\orgretemplatev2\x64\debug\main.obj
c:\users\julaxe\documents\dev\gbc\gameenginedevelopment\content\game-engine-development---assignment-1\orgretemplatev2\orgretemplatev2\x64\debug\gameobject.obj
c:\users\julaxe\documents\dev\gbc\gameenginedevelopment\content\game-engine-development---assignment-1\orgretemplatev2\orgretemplatev2\x64\debug\game.obj
c:\users\julaxe\documents\dev\gbc\gameenginedevelopment\content\game-engine-development---assignment-1\orgretemplatev2\orgretemplatev2\x64\debug\player.obj
c:\users\julaxe\documents\dev\gbc\gameenginedevelopment\content\game-engine-development---assignment-1\orgretemplatev2\orgretemplatev2\x64\debug\physicscomponent.obj
c:\users\julaxe\documents\dev\gbc\gameenginedevelopment\content\game-engine-development---assignment-1\orgretemplatev2\orgretemplatev2\x64\debug\followcamera.obj
c:\users\julaxe\documents\dev\gbc\gameenginedevelopment\content\game-engine-development---assignment-1\orgretemplatev2\orgretemplatev2\x64\debug\collisionengine.obj
c:\users\julaxe\documents\dev\gbc\gameenginedevelopment\content\game-engine-development---assignment-1\orgretemplatev2\orgretemplatev2\x64\debug\boundaries.obj
c:\users\julaxe\documents\dev\gbc\gameenginedevelopment\content\game-engine-development---assignment-1\orgretemplatev2\orgretemplatev2\x64\debug\orgretemplatev2.exe
c:\users\julaxe\documents\dev\gbc\gameenginedevelopment\content\game-engine-development---assignment-1\orgretemplatev2\orgretemplatev2\x64\debug\orgretemplatev2.ilk
c:\users\julaxe\documents\dev\gbc\gameenginedevelopment\content\game-engine-development---assignment-1\orgretemplatev2\orgretemplatev2\x64\debug\orgretemplatev2.pdb
c:\users\julaxe\documents\dev\gbc\gameenginedevelopment\content\game-engine-development---assignment-1\orgretemplatev2\orgretemplatev2\x64\debug\orgretemplatev2.tlog\cl.command.1.tlog
c:\users\julaxe\documents\dev\gbc\gameenginedevelopment\content\game-engine-development---assignment-1\orgretemplatev2\orgretemplatev2\x64\debug\orgretemplatev2.tlog\cl.read.1.tlog
c:\users\julaxe\documents\dev\gbc\gameenginedevelopment\content\game-engine-development---assignment-1\orgretemplatev2\orgretemplatev2\x64\debug\orgretemplatev2.tlog\cl.write.1.tlog
c:\users\julaxe\documents\dev\gbc\gameenginedevelopment\content\game-engine-development---assignment-1\orgretemplatev2\orgretemplatev2\x64\debug\orgretemplatev2.tlog\link.command.1.tlog
c:\users\julaxe\documents\dev\gbc\gameenginedevelopment\content\game-engine-development---assignment-1\orgretemplatev2\orgretemplatev2\x64\debug\orgretemplatev2.tlog\link.read.1.tlog
c:\users\julaxe\documents\dev\gbc\gameenginedevelopment\content\game-engine-development---assignment-1\orgretemplatev2\orgretemplatev2\x64\debug\orgretemplatev2.tlog\link.write.1.tlog
