  UpdatableObjs.cpp
C:\Users\lucas\GameEngineDevelopment\ogre-sdk-v2.1\OgreMain\Include\OgreAxisAlignedBox.h(66,25): warning C4251: 'Ogre::AxisAlignedBox::mMinimum': class 'Ogre::Vector<3,Ogre::Real>' needs to have dll-interface to be used by clients of class 'Ogre::AxisAlignedBox'
C:\Users\lucas\GameEngineDevelopment\ogre-sdk-v2.1\OgreMain\Include\OgrePrerequisites.h(254): message : see declaration of 'Ogre::Vector<3,Ogre::Real>'
C:\Users\lucas\GameEngineDevelopment\ogre-sdk-v2.1\OgreMain\Include\OgreAxisAlignedBox.h(67,25): warning C4251: 'Ogre::AxisAlignedBox::mMaximum': class 'Ogre::Vector<3,Ogre::Real>' needs to have dll-interface to be used by clients of class 'Ogre::AxisAlignedBox'
C:\Users\lucas\GameEngineDevelopment\ogre-sdk-v2.1\OgreMain\Include\OgrePrerequisites.h(254): message : see declaration of 'Ogre::Vector<3,Ogre::Real>'
C:\Users\lucas\GameEngineDevelopment\ogre-sdk-v2.1\OgreMain\Include\OgrePlane.h(65,23): warning C4251: 'Ogre::Plane::normal': class 'Ogre::Vector<3,Ogre::Real>' needs to have dll-interface to be used by clients of class 'Ogre::Plane'
C:\Users\lucas\GameEngineDevelopment\ogre-sdk-v2.1\OgreMain\Include\OgrePrerequisites.h(254): message : see declaration of 'Ogre::Vector<3,Ogre::Real>'
C:\Users\lucas\GameEngineDevelopment\ogre-sdk-v2.1\OgreMain\Include\OgreSphere.h(56,24): warning C4251: 'Ogre::Sphere::mCenter': class 'Ogre::Vector<3,Ogre::Real>' needs to have dll-interface to be used by clients of class 'Ogre::Sphere'
C:\Users\lucas\GameEngineDevelopment\ogre-sdk-v2.1\OgreMain\Include\OgrePrerequisites.h(254): message : see declaration of 'Ogre::Vector<3,Ogre::Real>'
C:\Users\lucas\GameEngineDevelopment\ogre-sdk-v2.1\OgreMain\Include\OgreBone.h(140,41): warning C4251: 'Ogre::Bone::mBindDerivedInverseScale': class 'Ogre::Vector<3,Ogre::Real>' needs to have dll-interface to be used by clients of class 'Ogre::Bone'
C:\Users\lucas\GameEngineDevelopment\ogre-sdk-v2.1\OgreMain\Include\OgrePrerequisites.h(254): message : see declaration of 'Ogre::Vector<3,Ogre::Real>'
C:\Users\lucas\GameEngineDevelopment\ogre-sdk-v2.1\OgreMain\Include\OgreBone.h(144,44): warning C4251: 'Ogre::Bone::mBindDerivedInversePosition': class 'Ogre::Vector<3,Ogre::Real>' needs to have dll-interface to be used by clients of class 'Ogre::Bone'
C:\Users\lucas\GameEngineDevelopment\ogre-sdk-v2.1\OgreMain\Include\OgrePrerequisites.h(254): message : see declaration of 'Ogre::Vector<3,Ogre::Real>'
C:\Users\lucas\GameEngineDevelopment\ogre-sdk-v2.1\OgreMain\Include\OgreRay.h(48,24): warning C4251: 'Ogre::Ray::mOrigin': class 'Ogre::Vector<3,Ogre::Real>' needs to have dll-interface to be used by clients of class 'Ogre::Ray'
C:\Users\lucas\GameEngineDevelopment\ogre-sdk-v2.1\OgreMain\Include\OgrePrerequisites.h(254): message : see declaration of 'Ogre::Vector<3,Ogre::Real>'
C:\Users\lucas\GameEngineDevelopment\ogre-sdk-v2.1\OgreMain\Include\OgreRay.h(49,27): warning C4251: 'Ogre::Ray::mDirection': class 'Ogre::Vector<3,Ogre::Real>' needs to have dll-interface to be used by clients of class 'Ogre::Ray'
C:\Users\lucas\GameEngineDevelopment\ogre-sdk-v2.1\OgreMain\Include\OgrePrerequisites.h(254): message : see declaration of 'Ogre::Vector<3,Ogre::Real>'
C:\Users\lucas\GameEngineDevelopment\ogre-sdk-v2.1\OgreMain\Include\OgreAutoParamDataSource.h(73,40): warning C4251: 'Ogre::AutoParamDataSource::mCameraPosition': class 'Ogre::Vector<4,Ogre::Real>' needs to have dll-interface to be used by clients of class 'Ogre::AutoParamDataSource'
C:\Users\lucas\GameEngineDevelopment\ogre-sdk-v2.1\OgreMain\Include\OgrePrerequisites.h(256): message : see declaration of 'Ogre::Vector<4,Ogre::Real>'
C:\Users\lucas\GameEngineDevelopment\ogre-sdk-v2.1\OgreMain\Include\OgreAutoParamDataSource.h(74,51): warning C4251: 'Ogre::AutoParamDataSource::mCameraPositionObjectSpace': class 'Ogre::Vector<4,Ogre::Real>' needs to have dll-interface to be used by clients of class 'Ogre::AutoParamDataSource'
C:\Users\lucas\GameEngineDevelopment\ogre-sdk-v2.1\OgreMain\Include\OgrePrerequisites.h(256): message : see declaration of 'Ogre::Vector<4,Ogre::Real>'
C:\Users\lucas\GameEngineDevelopment\ogre-sdk-v2.1\OgreMain\Include\OgreAutoParamDataSource.h(79,76): warning C4251: 'Ogre::AutoParamDataSource::mShadowCamDepthRanges': class 'Ogre::Vector<4,Ogre::Real>' needs to have dll-interface to be used by clients of class 'Ogre::AutoParamDataSource'
C:\Users\lucas\GameEngineDevelopment\ogre-sdk-v2.1\OgreMain\Include\OgrePrerequisites.h(256): message : see declaration of 'Ogre::Vector<4,Ogre::Real>'
C:\Users\lucas\GameEngineDevelopment\ogre-sdk-v2.1\OgreMain\Include\OgreAutoParamDataSource.h(84,43): warning C4251: 'Ogre::AutoParamDataSource::mLodCameraPosition': class 'Ogre::Vector<4,Ogre::Real>' needs to have dll-interface to be used by clients of class 'Ogre::AutoParamDataSource'
C:\Users\lucas\GameEngineDevelopment\ogre-sdk-v2.1\OgreMain\Include\OgrePrerequisites.h(256): message : see declaration of 'Ogre::Vector<4,Ogre::Real>'
C:\Users\lucas\GameEngineDevelopment\ogre-sdk-v2.1\OgreMain\Include\OgreAutoParamDataSource.h(85,54): warning C4251: 'Ogre::AutoParamDataSource::mLodCameraPositionObjectSpace': class 'Ogre::Vector<4,Ogre::Real>' needs to have dll-interface to be used by clients of class 'Ogre::AutoParamDataSource'
C:\Users\lucas\GameEngineDevelopment\ogre-sdk-v2.1\OgreMain\Include\OgrePrerequisites.h(256): message : see declaration of 'Ogre::Vector<4,Ogre::Real>'
C:\Users\lucas\GameEngineDevelopment\ogre-sdk-v2.1\OgreMain\Include\OgreAutoParamDataSource.h(107,27): warning C4251: 'Ogre::AutoParamDataSource::mFogParams': class 'Ogre::Vector<4,Ogre::Real>' needs to have dll-interface to be used by clients of class 'Ogre::AutoParamDataSource'
C:\Users\lucas\GameEngineDevelopment\ogre-sdk-v2.1\OgreMain\Include\OgrePrerequisites.h(256): message : see declaration of 'Ogre::Vector<4,Ogre::Real>'
C:\Users\lucas\GameEngineDevelopment\ogre-sdk-v2.1\OgreMain\Include\OgreAutoParamDataSource.h(108,30): warning C4251: 'Ogre::AutoParamDataSource::mPointParams': class 'Ogre::Vector<4,Ogre::Real>' needs to have dll-interface to be used by clients of class 'Ogre::AutoParamDataSource'
C:\Users\lucas\GameEngineDevelopment\ogre-sdk-v2.1\OgreMain\Include\OgrePrerequisites.h(256): message : see declaration of 'Ogre::Vector<4,Ogre::Real>'
C:\Users\lucas\GameEngineDevelopment\ogre-sdk-v2.1\OgreMain\Include\OgreAutoParamDataSource.h(110,41): warning C4251: 'Ogre::AutoParamDataSource::mSceneDepthRange': class 'Ogre::Vector<4,Ogre::Real>' needs to have dll-interface to be used by clients of class 'Ogre::AutoParamDataSource'
C:\Users\lucas\GameEngineDevelopment\ogre-sdk-v2.1\OgreMain\Include\OgrePrerequisites.h(256): message : see declaration of 'Ogre::Vector<4,Ogre::Real>'
C:\Users\lucas\GameEngineDevelopment\ogre-sdk-v2.1\OgreMain\Include\OgreAutoParamDataSource.h(118,40): warning C4251: 'Ogre::AutoParamDataSource::mCameraRelativePosition': class 'Ogre::Vector<3,Ogre::Real>' needs to have dll-interface to be used by clients of class 'Ogre::AutoParamDataSource'
C:\Users\lucas\GameEngineDevelopment\ogre-sdk-v2.1\OgreMain\Include\OgrePrerequisites.h(254): message : see declaration of 'Ogre::Vector<3,Ogre::Real>'
C:\Users\lucas\GameEngineDevelopment\ogre-sdk-v2.1\OgreMain\Include\OgreTextureManager.h(436,35): warning C4251: 'Ogre::TextureManager::mWarningTexture': class 'Ogre::SharedPtr<Ogre::Texture>' needs to have dll-interface to be used by clients of class 'Ogre::TextureManager'
C:\Users\lucas\GameEngineDevelopment\ogre-sdk-v2.1\OgreMain\Include\OgrePrerequisites.h(303): message : see declaration of 'Ogre::SharedPtr<Ogre::Texture>'
C:\Users\lucas\GameEngineDevelopment\ogre-sdk-v2.1\OgreMain\Include\OgreTextureManager.h(437,35): warning C4251: 'Ogre::TextureManager::mDefaultSampler': class 'std::shared_ptr<Ogre::Sampler>' needs to have dll-interface to be used by clients of class 'Ogre::TextureManager'
C:\Users\lucas\GameEngineDevelopment\ogre-sdk-v2.1\OgreMain\Include\OgreTextureUnitState.h(222): message : see declaration of 'std::shared_ptr<Ogre::Sampler>'
C:\Users\lucas\GameEngineDevelopment\ogre-sdk-v2.1\OgreMain\Include\OgreTextureManager.h(438,52): warning C4251: 'Ogre::TextureManager::mNamedSamplers': class 'std::map<Ogre::String,Ogre::SamplerPtr,std::less<Ogre::String>,std::allocator<std::pair<const Ogre::String,Ogre::SamplerPtr>>>' needs to have dll-interface to be used by clients of class 'Ogre::TextureManager'
C:\Users\lucas\GameEngineDevelopment\ogre-sdk-v2.1\OgreMain\Include\OgreTextureManager.h(438): message : see declaration of 'std::map<Ogre::String,Ogre::SamplerPtr,std::less<Ogre::String>,std::allocator<std::pair<const Ogre::String,Ogre::SamplerPtr>>>'
C:\Users\lucas\GameEngineDevelopment\ogre-sdk-v2.1\OgreMain\Include\OgreTimer.h(41,52): warning C4251: 'Ogre::Timer::start': class 'std::chrono::time_point<std::chrono::steady_clock,std::chrono::nanoseconds>' needs to have dll-interface to be used by clients of class 'Ogre::Timer'
C:\Program Files (x86)\Microsoft Visual Studio\2019\Community\VC\Tools\MSVC\14.28.29333\include\chrono(603): message : see declaration of 'std::chrono::time_point<std::chrono::steady_clock,std::chrono::nanoseconds>'
C:\Users\lucas\GameEngineDevelopment\ogre-sdk-v2.1\Components\Overlay\Include\OgreOverlay.h(78,21): warning C4251: 'Ogre::Overlay::mName': class 'std::basic_string<char,std::char_traits<char>,std::allocator<char>>' needs to have dll-interface to be used by clients of class 'Ogre::Overlay'
C:\Program Files (x86)\Microsoft Visual Studio\2019\Community\VC\Tools\MSVC\14.28.29333\include\xstring(4648): message : see declaration of 'std::basic_string<char,std::char_traits<char>,std::allocator<char>>'
C:\Users\lucas\GameEngineDevelopment\ogre-sdk-v2.1\Components\Overlay\Include\OgreOverlay.h(84,41): warning C4251: 'Ogre::Overlay::m2DElements': class 'std::list<Ogre::OverlayContainer *,std::allocator<Ogre::OverlayContainer *>>' needs to have dll-interface to be used by clients of class 'Ogre::Overlay'
C:\Users\lucas\GameEngineDevelopment\ogre-sdk-v2.1\Components\Overlay\Include\OgreOverlay.h(76): message : see declaration of 'std::list<Ogre::OverlayContainer *,std::allocator<Ogre::OverlayContainer *>>'
C:\Users\lucas\GameEngineDevelopment\ogre-sdk-v2.1\Components\Overlay\Include\OgreOverlay.h(87,23): warning C4251: 'Ogre::Overlay::mRotate': class 'Ogre::Radian' needs to have dll-interface to be used by clients of class 'Ogre::Overlay'
C:\Users\lucas\GameEngineDevelopment\ogre-sdk-v2.1\OgreMain\Include\OgreMath.h(57): message : see declaration of 'Ogre::Radian'
C:\Users\lucas\GameEngineDevelopment\ogre-sdk-v2.1\Components\Overlay\Include\OgreOverlay.h(101,23): warning C4251: 'Ogre::Overlay::mOrigin': class 'std::basic_string<char,std::char_traits<char>,std::allocator<char>>' needs to have dll-interface to be used by clients of class 'Ogre::Overlay'
C:\Program Files (x86)\Microsoft Visual Studio\2019\Community\VC\Tools\MSVC\14.28.29333\include\xstring(4648): message : see declaration of 'std::basic_string<char,std::char_traits<char>,std::allocator<char>>'
C:\Users\lucas\GameEngineDevelopment\ogre-sdk-v2.1\Components\Overlay\Include\OgreOverlayProfileSessionListener.h(112,36): warning C4251: 'Ogre::OverlayProfileSessionListener::mProfileBars': class 'std::list<Ogre::OverlayElement *,std::allocator<Ogre::OverlayElement *>>' needs to have dll-interface to be used by clients of class 'Ogre::OverlayProfileSessionListener'
C:\Users\lucas\GameEngineDevelopment\ogre-sdk-v2.1\Components\Overlay\Include\OgreOverlayProfileSessionListener.h(94): message : see declaration of 'std::list<Ogre::OverlayElement *,std::allocator<Ogre::OverlayElement *>>'
C:\Users\lucas\GameEngineDevelopment\ogre-sdk-v2.1\Components\Overlay\Include\OgreOverlayManager.h(62,31): warning C4251: 'Ogre::OverlayManager::mOverlayMap': class 'std::map<Ogre::String,Ogre::Overlay *,std::less<Ogre::String>,std::allocator<std::pair<const Ogre::String,Ogre::Overlay *>>>' needs to have dll-interface to be used by clients of class 'Ogre::OverlayManager'
C:\Users\lucas\GameEngineDevelopment\ogre-sdk-v2.1\Components\Overlay\Include\OgreOverlayManager.h(58): message : see declaration of 'std::map<Ogre::String,Ogre::Overlay *,std::less<Ogre::String>,std::allocator<std::pair<const Ogre::String,Ogre::Overlay *>>>'
C:\Users\lucas\GameEngineDevelopment\ogre-sdk-v2.1\Components\Overlay\Include\OgreOverlayManager.h(63,37): warning C4251: 'Ogre::OverlayManager::mScriptPatterns': class 'std::vector<Ogre::String,std::allocator<Ogre::String>>' needs to have dll-interface to be used by clients of class 'Ogre::OverlayManager'
C:\Users\lucas\GameEngineDevelopment\ogre-sdk-v2.1\OgreMain\Include\OgreString.h(107): message : see declaration of 'std::vector<Ogre::String,std::allocator<Ogre::String>>'
C:\Users\lucas\GameEngineDevelopment\ogre-sdk-v2.1\Components\Overlay\Include\OgreOverlayManager.h(71,30): warning C4251: 'Ogre::OverlayManager::mFactories': class 'std::map<Ogre::String,Ogre::OverlayElementFactory *,std::less<Ogre::String>,std::allocator<std::pair<const Ogre::String,Ogre::OverlayElementFactory *>>>' needs to have dll-interface to be used by clients of class 'Ogre::OverlayManager'
C:\Users\lucas\GameEngineDevelopment\ogre-sdk-v2.1\Components\Overlay\Include\OgreOverlayManager.h(60): message : see declaration of 'std::map<Ogre::String,Ogre::OverlayElementFactory *,std::less<Ogre::String>,std::allocator<std::pair<const Ogre::String,Ogre::OverlayElementFactory *>>>'
C:\Users\lucas\GameEngineDevelopment\ogre-sdk-v2.1\Components\Overlay\Include\OgreOverlayManager.h(73,30): warning C4251: 'Ogre::OverlayManager::mInstances': class 'std::map<Ogre::String,Ogre::OverlayElement *,std::less<Ogre::String>,std::allocator<std::pair<const Ogre::String,Ogre::OverlayElement *>>>' needs to have dll-interface to be used by clients of class 'Ogre::OverlayManager'
C:\Users\lucas\GameEngineDevelopment\ogre-sdk-v2.1\Components\Overlay\Include\OgreOverlayManager.h(59): message : see declaration of 'std::map<Ogre::String,Ogre::OverlayElement *,std::less<Ogre::String>,std::allocator<std::pair<const Ogre::String,Ogre::OverlayElement *>>>'
C:\Users\lucas\GameEngineDevelopment\ogre-sdk-v2.1\Components\Overlay\Include\OgreOverlayManager.h(74,30): warning C4251: 'Ogre::OverlayManager::mTemplates': class 'std::map<Ogre::String,Ogre::OverlayElement *,std::less<Ogre::String>,std::allocator<std::pair<const Ogre::String,Ogre::OverlayElement *>>>' needs to have dll-interface to be used by clients of class 'Ogre::OverlayManager'
C:\Users\lucas\GameEngineDevelopment\ogre-sdk-v2.1\Components\Overlay\Include\OgreOverlayManager.h(59): message : see declaration of 'std::map<Ogre::String,Ogre::OverlayElement *,std::less<Ogre::String>,std::allocator<std::pair<const Ogre::String,Ogre::OverlayElement *>>>'
C:\Users\lucas\GameEngineDevelopment\ogre-sdk-v2.1\Components\Overlay\Include\OgreOverlayManager.h(76,68): warning C4251: 'Ogre::OverlayManager::mTranslatorManager': class 'std::unique_ptr<Ogre::ScriptTranslatorManager,std::default_delete<Ogre::ScriptTranslatorManager>>' needs to have dll-interface to be used by clients of class 'Ogre::OverlayManager'
C:\Users\lucas\GameEngineDevelopment\ogre-sdk-v2.1\Components\Overlay\Include\OgreOverlayManager.h(76): message : see declaration of 'std::unique_ptr<Ogre::ScriptTranslatorManager,std::default_delete<Ogre::ScriptTranslatorManager>>'
C:\Users\lucas\GameEngineDevelopment\ogre-sdk-v2.1\Components\Overlay\Include\OgreUTFString.h(202,70): warning C4275: non dll-interface class 'std::runtime_error' used as base for dll-interface class 'Ogre::UTFString::invalid_data'
C:\Program Files (x86)\Microsoft Visual Studio\2019\Community\VC\Tools\MSVC\14.28.29333\include\stdexcept(107): message : see declaration of 'std::runtime_error'
C:\Users\lucas\GameEngineDevelopment\ogre-sdk-v2.1\Components\Overlay\Include\OgreUTFString.h(202): message : see declaration of 'Ogre::UTFString::invalid_data'
C:\Users\lucas\GameEngineDevelopment\ogre-sdk-v2.1\Components\Overlay\Include\OgreUTFString.h(231,36): warning C4251: 'Ogre::UTFString::_base_iterator::mIter': class 'std::_String_iterator<std::_String_val<std::_Simple_types<_Ty>>>' needs to have dll-interface to be used by clients of class 'Ogre::UTFString::_base_iterator'
          with
          [
              _Ty=Ogre::ushort
          ]
C:\Program Files (x86)\Microsoft Visual Studio\2019\Community\VC\Tools\MSVC\14.28.29333\include\xstring(2313): message : see declaration of 'std::_String_iterator<std::_String_val<std::_Simple_types<_Ty>>>'
          with
          [
              _Ty=Ogre::ushort
          ]
C:\Users\lucas\GameEngineDevelopment\ogre-sdk-v2.1\Components\Overlay\Include\OgreUTFString.h(956,22): warning C4251: 'Ogre::UTFString::mData': class 'std::basic_string<Ogre::UTFString::code_point,std::char_traits<unsigned short>,std::allocator<Ogre::ushort>>' needs to have dll-interface to be used by clients of class 'Ogre::UTFString'
C:\Users\lucas\GameEngineDevelopment\ogre-sdk-v2.1\Components\Overlay\Include\OgreUTFString.h(196): message : see declaration of 'std::basic_string<Ogre::UTFString::code_point,std::char_traits<unsigned short>,std::allocator<Ogre::ushort>>'
C:\Users\lucas\GameEngineDevelopment\ogre-sdk-v2.1\Components\Overlay\Include\OgreOverlayElement.h(108,21): warning C4251: 'Ogre::OverlayElement::mName': class 'std::basic_string<char,std::char_traits<char>,std::allocator<char>>' needs to have dll-interface to be used by clients of class 'Ogre::OverlayElement'
C:\Program Files (x86)\Microsoft Visual Studio\2019\Community\VC\Tools\MSVC\14.28.29333\include\xstring(4648): message : see declaration of 'std::basic_string<char,std::char_traits<char>,std::allocator<char>>'
C:\Users\lucas\GameEngineDevelopment\ogre-sdk-v2.1\Components\Overlay\Include\OgreOverlayElement.h(115,30): warning C4251: 'Ogre::OverlayElement::mMaterial': class 'Ogre::SharedPtr<Ogre::Material>' needs to have dll-interface to be used by clients of class 'Ogre::OverlayElement'
C:\Users\lucas\GameEngineDevelopment\ogre-sdk-v2.1\OgreMain\Include\OgrePrerequisites.h(295): message : see declaration of 'Ogre::SharedPtr<Ogre::Material>'
C:\Users\lucas\GameEngineDevelopment\ogre-sdk-v2.1\Components\Overlay\Include\OgreOverlayElement.h(118,33): warning C4251: 'Ogre::OverlayElement::mClippingRegion': struct 'Ogre::TRect<float>' needs to have dll-interface to be used by clients of class 'Ogre::OverlayElement'
C:\Users\lucas\GameEngineDevelopment\ogre-sdk-v2.1\OgreMain\Include\OgreCommon.h(684): message : see declaration of 'Ogre::TRect<float>'
C:\Users\lucas\GameEngineDevelopment\ogre-sdk-v2.1\Components\Overlay\Include\OgreOverlayContainer.h(65,27): warning C4251: 'Ogre::OverlayContainer::mChildren': class 'std::map<Ogre::String,Ogre::OverlayElement *,std::less<Ogre::String>,std::allocator<std::pair<const Ogre::String,Ogre::OverlayElement *>>>' needs to have dll-interface to be used by clients of class 'Ogre::OverlayContainer'
C:\Users\lucas\GameEngineDevelopment\ogre-sdk-v2.1\Components\Overlay\Include\OgreOverlayManager.h(59): message : see declaration of 'std::map<Ogre::String,Ogre::OverlayElement *,std::less<Ogre::String>,std::allocator<std::pair<const Ogre::String,Ogre::OverlayElement *>>>'
C:\Users\lucas\GameEngineDevelopment\ogre-sdk-v2.1\Components\Overlay\Include\OgreOverlayContainer.h(67,43): warning C4251: 'Ogre::OverlayContainer::mChildContainers': class 'std::map<Ogre::String,Ogre::OverlayContainer *,std::less<Ogre::String>,std::allocator<std::pair<const Ogre::String,Ogre::OverlayContainer *>>>' needs to have dll-interface to be used by clients of class 'Ogre::OverlayContainer'
C:\Users\lucas\GameEngineDevelopment\ogre-sdk-v2.1\Components\Overlay\Include\OgreOverlayContainer.h(61): message : see declaration of 'std::map<Ogre::String,Ogre::OverlayContainer *,std::less<Ogre::String>,std::allocator<std::pair<const Ogre::String,Ogre::OverlayContainer *>>>'
C:\Users\lucas\GameEngineDevelopment\ogre-sdk-v2.1\Components\Overlay\Include\OgrePanelOverlayElement.h(151,33): warning C4251: 'Ogre::PanelOverlayElement::msTypeName': class 'std::basic_string<char,std::char_traits<char>,std::allocator<char>>' needs to have dll-interface to be used by clients of class 'Ogre::PanelOverlayElement'
C:\Program Files (x86)\Microsoft Visual Studio\2019\Community\VC\Tools\MSVC\14.28.29333\include\xstring(4648): message : see declaration of 'std::basic_string<char,std::char_traits<char>,std::allocator<char>>'
C:\Users\lucas\GameEngineDevelopment\ogre-sdk-v2.1\Components\Overlay\Include\OgrePanelOverlayElement.h(154,37): warning C4251: 'Ogre::PanelOverlayElement::msCmdTiling': class 'Ogre::PanelOverlayElement::CmdTiling' needs to have dll-interface to be used by clients of class 'Ogre::PanelOverlayElement'
C:\Users\lucas\GameEngineDevelopment\ogre-sdk-v2.1\Components\Overlay\Include\OgrePanelOverlayElement.h(111): message : see declaration of 'Ogre::PanelOverlayElement::CmdTiling'
C:\Users\lucas\GameEngineDevelopment\ogre-sdk-v2.1\Components\Overlay\Include\OgrePanelOverlayElement.h(155,47): warning C4251: 'Ogre::PanelOverlayElement::msCmdTransparent': class 'Ogre::PanelOverlayElement::CmdTransparent' needs to have dll-interface to be used by clients of class 'Ogre::PanelOverlayElement'
C:\Users\lucas\GameEngineDevelopment\ogre-sdk-v2.1\Components\Overlay\Include\OgrePanelOverlayElement.h(118): message : see declaration of 'Ogre::PanelOverlayElement::CmdTransparent'
C:\Users\lucas\GameEngineDevelopment\ogre-sdk-v2.1\Components\Overlay\Include\OgrePanelOverlayElement.h(156,41): warning C4251: 'Ogre::PanelOverlayElement::msCmdUVCoords': class 'Ogre::PanelOverlayElement::CmdUVCoords' needs to have dll-interface to be used by clients of class 'Ogre::PanelOverlayElement'
C:\Users\lucas\GameEngineDevelopment\ogre-sdk-v2.1\Components\Overlay\Include\OgrePanelOverlayElement.h(125): message : see declaration of 'Ogre::PanelOverlayElement::CmdUVCoords'
C:\Users\lucas\GameEngineDevelopment\ogre-sdk-v2.1\Components\Overlay\Include\OgreBorderPanelOverlayElement.h(278,36): warning C4251: 'Ogre::BorderPanelOverlayElement::mBorderMaterial': class 'Ogre::SharedPtr<Ogre::Material>' needs to have dll-interface to be used by clients of class 'Ogre::BorderPanelOverlayElement'
C:\Users\lucas\GameEngineDevelopment\ogre-sdk-v2.1\OgreMain\Include\OgrePrerequisites.h(295): message : see declaration of 'Ogre::SharedPtr<Ogre::Material>'
C:\Users\lucas\GameEngineDevelopment\ogre-sdk-v2.1\Components\Overlay\Include\OgreBorderPanelOverlayElement.h(283,33): warning C4251: 'Ogre::BorderPanelOverlayElement::msTypeName': class 'std::basic_string<char,std::char_traits<char>,std::allocator<char>>' needs to have dll-interface to be used by clients of class 'Ogre::BorderPanelOverlayElement'
C:\Program Files (x86)\Microsoft Visual Studio\2019\Community\VC\Tools\MSVC\14.28.29333\include\xstring(4648): message : see declaration of 'std::basic_string<char,std::char_traits<char>,std::allocator<char>>'
C:\Users\lucas\GameEngineDevelopment\ogre-sdk-v2.1\Components\Overlay\Include\OgreBorderPanelOverlayElement.h(305,45): warning C4251: 'Ogre::BorderPanelOverlayElement::msCmdBorderSize': class 'Ogre::BorderPanelOverlayElement::CmdBorderSize' needs to have dll-interface to be used by clients of class 'Ogre::BorderPanelOverlayElement'
C:\Users\lucas\GameEngineDevelopment\ogre-sdk-v2.1\Components\Overlay\Include\OgreBorderPanelOverlayElement.h(194): message : see declaration of 'Ogre::BorderPanelOverlayElement::CmdBorderSize'
C:\Users\lucas\GameEngineDevelopment\ogre-sdk-v2.1\Components\Overlay\Include\OgreBorderPanelOverlayElement.h(306,53): warning C4251: 'Ogre::BorderPanelOverlayElement::msCmdBorderMaterial': class 'Ogre::BorderPanelOverlayElement::CmdBorderMaterial' needs to have dll-interface to be used by clients of class 'Ogre::BorderPanelOverlayElement'
C:\Users\lucas\GameEngineDevelopment\ogre-sdk-v2.1\Components\Overlay\Include\OgreBorderPanelOverlayElement.h(201): message : see declaration of 'Ogre::BorderPanelOverlayElement::CmdBorderMaterial'
C:\Users\lucas\GameEngineDevelopment\ogre-sdk-v2.1\Components\Overlay\Include\OgreBorderPanelOverlayElement.h(307,49): warning C4251: 'Ogre::BorderPanelOverlayElement::msCmdBorderLeftUV': class 'Ogre::BorderPanelOverlayElement::CmdBorderLeftUV' needs to have dll-interface to be used by clients of class 'Ogre::BorderPanelOverlayElement'
C:\Users\lucas\GameEngineDevelopment\ogre-sdk-v2.1\Components\Overlay\Include\OgreBorderPanelOverlayElement.h(208): message : see declaration of 'Ogre::BorderPanelOverlayElement::CmdBorderLeftUV'
C:\Users\lucas\GameEngineDevelopment\ogre-sdk-v2.1\Components\Overlay\Include\OgreBorderPanelOverlayElement.h(308,47): warning C4251: 'Ogre::BorderPanelOverlayElement::msCmdBorderTopUV': class 'Ogre::BorderPanelOverlayElement::CmdBorderTopUV' needs to have dll-interface to be used by clients of class 'Ogre::BorderPanelOverlayElement'
C:\Users\lucas\GameEngineDevelopment\ogre-sdk-v2.1\Components\Overlay\Include\OgreBorderPanelOverlayElement.h(215): message : see declaration of 'Ogre::BorderPanelOverlayElement::CmdBorderTopUV'
C:\Users\lucas\GameEngineDevelopment\ogre-sdk-v2.1\Components\Overlay\Include\OgreBorderPanelOverlayElement.h(309,53): warning C4251: 'Ogre::BorderPanelOverlayElement::msCmdBorderBottomUV': class 'Ogre::BorderPanelOverlayElement::CmdBorderBottomUV' needs to have dll-interface to be used by clients of class 'Ogre::BorderPanelOverlayElement'
C:\Users\lucas\GameEngineDevelopment\ogre-sdk-v2.1\Components\Overlay\Include\OgreBorderPanelOverlayElement.h(229): message : see declaration of 'Ogre::BorderPanelOverlayElement::CmdBorderBottomUV'
C:\Users\lucas\GameEngineDevelopment\ogre-sdk-v2.1\Components\Overlay\Include\OgreBorderPanelOverlayElement.h(310,51): warning C4251: 'Ogre::BorderPanelOverlayElement::msCmdBorderRightUV': class 'Ogre::BorderPanelOverlayElement::CmdBorderRightUV' needs to have dll-interface to be used by clients of class 'Ogre::BorderPanelOverlayElement'
C:\Users\lucas\GameEngineDevelopment\ogre-sdk-v2.1\Components\Overlay\Include\OgreBorderPanelOverlayElement.h(222): message : see declaration of 'Ogre::BorderPanelOverlayElement::CmdBorderRightUV'
C:\Users\lucas\GameEngineDevelopment\ogre-sdk-v2.1\Components\Overlay\Include\OgreBorderPanelOverlayElement.h(311,55): warning C4251: 'Ogre::BorderPanelOverlayElement::msCmdBorderTopLeftUV': class 'Ogre::BorderPanelOverlayElement::CmdBorderTopLeftUV' needs to have dll-interface to be used by clients of class 'Ogre::BorderPanelOverlayElement'
C:\Users\lucas\GameEngineDevelopment\ogre-sdk-v2.1\Components\Overlay\Include\OgreBorderPanelOverlayElement.h(236): message : see declaration of 'Ogre::BorderPanelOverlayElement::CmdBorderTopLeftUV'
C:\Users\lucas\GameEngineDevelopment\ogre-sdk-v2.1\Components\Overlay\Include\OgreBorderPanelOverlayElement.h(312,61): warning C4251: 'Ogre::BorderPanelOverlayElement::msCmdBorderBottomLeftUV': class 'Ogre::BorderPanelOverlayElement::CmdBorderBottomLeftUV' needs to have dll-interface to be used by clients of class 'Ogre::BorderPanelOverlayElement'
C:\Users\lucas\GameEngineDevelopment\ogre-sdk-v2.1\Components\Overlay\Include\OgreBorderPanelOverlayElement.h(243): message : see declaration of 'Ogre::BorderPanelOverlayElement::CmdBorderBottomLeftUV'
C:\Users\lucas\GameEngineDevelopment\ogre-sdk-v2.1\Components\Overlay\Include\OgreBorderPanelOverlayElement.h(313,57): warning C4251: 'Ogre::BorderPanelOverlayElement::msCmdBorderTopRightUV': class 'Ogre::BorderPanelOverlayElement::CmdBorderTopRightUV' needs to have dll-interface to be used by clients of class 'Ogre::BorderPanelOverlayElement'
C:\Users\lucas\GameEngineDevelopment\ogre-sdk-v2.1\Components\Overlay\Include\OgreBorderPanelOverlayElement.h(257): message : see declaration of 'Ogre::BorderPanelOverlayElement::CmdBorderTopRightUV'
C:\Users\lucas\GameEngineDevelopment\ogre-sdk-v2.1\Components\Overlay\Include\OgreBorderPanelOverlayElement.h(314,63): warning C4251: 'Ogre::BorderPanelOverlayElement::msCmdBorderBottomRightUV': class 'Ogre::BorderPanelOverlayElement::CmdBorderBottomRightUV' needs to have dll-interface to be used by clients of class 'Ogre::BorderPanelOverlayElement'
C:\Users\lucas\GameEngineDevelopment\ogre-sdk-v2.1\Components\Overlay\Include\OgreBorderPanelOverlayElement.h(250): message : see declaration of 'Ogre::BorderPanelOverlayElement::CmdBorderBottomRightUV'
C:\Users\lucas\GameEngineDevelopment\ogre-sdk-v2.1\Components\Overlay\Include\OgreFont.h(123,23): warning C4251: 'Ogre::Font::mSource': class 'std::basic_string<char,std::char_traits<char>,std::allocator<char>>' needs to have dll-interface to be used by clients of class 'Ogre::Font'
C:\Program Files (x86)\Microsoft Visual Studio\2019\Community\VC\Tools\MSVC\14.28.29333\include\xstring(4648): message : see declaration of 'std::basic_string<char,std::char_traits<char>,std::allocator<char>>'
C:\Users\lucas\GameEngineDevelopment\ogre-sdk-v2.1\Components\Overlay\Include\OgreFont.h(159,35): warning C4251: 'Ogre::Font::mCodePointMap': class 'std::map<Ogre::Font::CodePoint,Ogre::Font::GlyphInfo,std::less<Ogre::uint32>,std::allocator<std::pair<const Ogre::Font::CodePoint,Ogre::Font::GlyphInfo>>>' needs to have dll-interface to be used by clients of class 'Ogre::Font'
C:\Users\lucas\GameEngineDevelopment\ogre-sdk-v2.1\Components\Overlay\Include\OgreFont.h(158): message : see declaration of 'std::map<Ogre::Font::CodePoint,Ogre::Font::GlyphInfo,std::less<Ogre::uint32>,std::allocator<std::pair<const Ogre::Font::CodePoint,Ogre::Font::GlyphInfo>>>'
C:\Users\lucas\GameEngineDevelopment\ogre-sdk-v2.1\Components\Overlay\Include\OgreFont.h(162,30): warning C4251: 'Ogre::Font::mMaterial': class 'Ogre::SharedPtr<Ogre::Material>' needs to have dll-interface to be used by clients of class 'Ogre::Font'
C:\Users\lucas\GameEngineDevelopment\ogre-sdk-v2.1\OgreMain\Include\OgrePrerequisites.h(295): message : see declaration of 'Ogre::SharedPtr<Ogre::Material>'
C:\Users\lucas\GameEngineDevelopment\ogre-sdk-v2.1\Components\Overlay\Include\OgreFont.h(165,28): warning C4251: 'Ogre::Font::mTexture': class 'Ogre::SharedPtr<Ogre::Texture>' needs to have dll-interface to be used by clients of class 'Ogre::Font'
C:\Users\lucas\GameEngineDevelopment\ogre-sdk-v2.1\OgreMain\Include\OgrePrerequisites.h(303): message : see declaration of 'Ogre::SharedPtr<Ogre::Texture>'
C:\Users\lucas\GameEngineDevelopment\ogre-sdk-v2.1\Components\Overlay\Include\OgreFont.h(171,47): warning C4251: 'Ogre::Font::mCodePointRangeList': class 'std::vector<Ogre::Font::CodePointRange,std::allocator<Ogre::Font::CodePointRange>>' needs to have dll-interface to be used by clients of class 'Ogre::Font'
C:\Users\lucas\GameEngineDevelopment\ogre-sdk-v2.1\Components\Overlay\Include\OgreFont.h(155): message : see declaration of 'std::vector<Ogre::Font::CodePointRange,std::allocator<Ogre::Font::CodePointRange>>'
C:\Users\lucas\GameEngineDevelopment\ogre-sdk-v2.1\Components\Overlay\Include\OgreTextAreaOverlayElement.h(228,33): warning C4251: 'Ogre::TextAreaOverlayElement::msTypeName': class 'std::basic_string<char,std::char_traits<char>,std::allocator<char>>' needs to have dll-interface to be used by clients of class 'Ogre::TextAreaOverlayElement'
C:\Program Files (x86)\Microsoft Visual Studio\2019\Community\VC\Tools\MSVC\14.28.29333\include\xstring(4648): message : see declaration of 'std::basic_string<char,std::char_traits<char>,std::allocator<char>>'
C:\Users\lucas\GameEngineDevelopment\ogre-sdk-v2.1\Components\Overlay\Include\OgreTextAreaOverlayElement.h(231,45): warning C4251: 'Ogre::TextAreaOverlayElement::msCmdCharHeight': class 'Ogre::TextAreaOverlayElement::CmdCharHeight' needs to have dll-interface to be used by clients of class 'Ogre::TextAreaOverlayElement'
C:\Users\lucas\GameEngineDevelopment\ogre-sdk-v2.1\Components\Overlay\Include\OgreTextAreaOverlayElement.h(148): message : see declaration of 'Ogre::TextAreaOverlayElement::CmdCharHeight'
C:\Users\lucas\GameEngineDevelopment\ogre-sdk-v2.1\Components\Overlay\Include\OgreTextAreaOverlayElement.h(232,45): warning C4251: 'Ogre::TextAreaOverlayElement::msCmdSpaceWidth': class 'Ogre::TextAreaOverlayElement::CmdSpaceWidth' needs to have dll-interface to be used by clients of class 'Ogre::TextAreaOverlayElement'
C:\Users\lucas\GameEngineDevelopment\ogre-sdk-v2.1\Components\Overlay\Include\OgreTextAreaOverlayElement.h(158): message : see declaration of 'Ogre::TextAreaOverlayElement::CmdSpaceWidth'
C:\Users\lucas\GameEngineDevelopment\ogre-sdk-v2.1\Components\Overlay\Include\OgreTextAreaOverlayElement.h(233,41): warning C4251: 'Ogre::TextAreaOverlayElement::msCmdFontName': class 'Ogre::TextAreaOverlayElement::CmdFontName' needs to have dll-interface to be used by clients of class 'Ogre::TextAreaOverlayElement'
C:\Users\lucas\GameEngineDevelopment\ogre-sdk-v2.1\Components\Overlay\Include\OgreTextAreaOverlayElement.h(168): message : see declaration of 'Ogre::TextAreaOverlayElement::CmdFontName'
C:\Users\lucas\GameEngineDevelopment\ogre-sdk-v2.1\Components\Overlay\Include\OgreTextAreaOverlayElement.h(234,37): warning C4251: 'Ogre::TextAreaOverlayElement::msCmdColour': class 'Ogre::TextAreaOverlayElement::CmdColour' needs to have dll-interface to be used by clients of class 'Ogre::TextAreaOverlayElement'
C:\Users\lucas\GameEngineDevelopment\ogre-sdk-v2.1\Components\Overlay\Include\OgreTextAreaOverlayElement.h(198): message : see declaration of 'Ogre::TextAreaOverlayElement::CmdColour'
C:\Users\lucas\GameEngineDevelopment\ogre-sdk-v2.1\Components\Overlay\Include\OgreTextAreaOverlayElement.h(235,43): warning C4251: 'Ogre::TextAreaOverlayElement::msCmdColourTop': class 'Ogre::TextAreaOverlayElement::CmdColourTop' needs to have dll-interface to be used by clients of class 'Ogre::TextAreaOverlayElement'
C:\Users\lucas\GameEngineDevelopment\ogre-sdk-v2.1\Components\Overlay\Include\OgreTextAreaOverlayElement.h(178): message : see declaration of 'Ogre::TextAreaOverlayElement::CmdColourTop'
C:\Users\lucas\GameEngineDevelopment\ogre-sdk-v2.1\Components\Overlay\Include\OgreTextAreaOverlayElement.h(236,49): warning C4251: 'Ogre::TextAreaOverlayElement::msCmdColourBottom': class 'Ogre::TextAreaOverlayElement::CmdColourBottom' needs to have dll-interface to be used by clients of class 'Ogre::TextAreaOverlayElement'
C:\Users\lucas\GameEngineDevelopment\ogre-sdk-v2.1\Components\Overlay\Include\OgreTextAreaOverlayElement.h(188): message : see declaration of 'Ogre::TextAreaOverlayElement::CmdColourBottom'
C:\Users\lucas\GameEngineDevelopment\ogre-sdk-v2.1\Components\Overlay\Include\OgreTextAreaOverlayElement.h(237,43): warning C4251: 'Ogre::TextAreaOverlayElement::msCmdAlignment': class 'Ogre::TextAreaOverlayElement::CmdAlignment' needs to have dll-interface to be used by clients of class 'Ogre::TextAreaOverlayElement'
C:\Users\lucas\GameEngineDevelopment\ogre-sdk-v2.1\Components\Overlay\Include\OgreTextAreaOverlayElement.h(208): message : see declaration of 'Ogre::TextAreaOverlayElement::CmdAlignment'
C:\Users\lucas\GameEngineDevelopment\ogre-sdk-v2.1\Components\Overlay\Include\OgreTextAreaOverlayElement.h(240,22): warning C4251: 'Ogre::TextAreaOverlayElement::mFont': class 'Ogre::SharedPtr<Ogre::Font>' needs to have dll-interface to be used by clients of class 'Ogre::TextAreaOverlayElement'
C:\Users\lucas\GameEngineDevelopment\ogre-sdk-v2.1\Components\Overlay\Include\OgreFont.h(423): message : see declaration of 'Ogre::SharedPtr<Ogre::Font>'
C:\Users\lucas\GameEngineDevelopment\ogre-sdk-v2.1\Components\Bites\Include\OgreTrays.h(335,34): warning C4251: 'OgreBites::TextBox::mLines': class 'std::vector<Ogre::String,std::allocator<Ogre::String>>' needs to have dll-interface to be used by clients of class 'OgreBites::TextBox'
C:\Users\lucas\GameEngineDevelopment\ogre-sdk-v2.1\OgreMain\Include\OgreString.h(107): message : see declaration of 'std::vector<Ogre::String,std::allocator<Ogre::String>>'
C:\Users\lucas\GameEngineDevelopment\ogre-sdk-v2.1\Components\Bites\Include\OgreTrays.h(441,68): warning C4251: 'OgreBites::SelectMenu::mItemElements': class 'std::vector<Ogre::BorderPanelOverlayElement *,std::allocator<Ogre::BorderPanelOverlayElement *>>' needs to have dll-interface to be used by clients of class 'OgreBites::SelectMenu'
C:\Users\lucas\GameEngineDevelopment\ogre-sdk-v2.1\Components\Bites\Include\OgreTrays.h(441): message : see declaration of 'std::vector<Ogre::BorderPanelOverlayElement *,std::allocator<Ogre::BorderPanelOverlayElement *>>'
C:\Users\lucas\GameEngineDevelopment\ogre-sdk-v2.1\Components\Bites\Include\OgreTrays.h(448,34): warning C4251: 'OgreBites::SelectMenu::mItems': class 'std::vector<Ogre::String,std::allocator<Ogre::String>>' needs to have dll-interface to be used by clients of class 'OgreBites::SelectMenu'
C:\Users\lucas\GameEngineDevelopment\ogre-sdk-v2.1\OgreMain\Include\OgreString.h(107): message : see declaration of 'std::vector<Ogre::String,std::allocator<Ogre::String>>'
C:\Users\lucas\GameEngineDevelopment\ogre-sdk-v2.1\Components\Bites\Include\OgreTrays.h(629,34): warning C4251: 'OgreBites::ParamsPanel::mNames': class 'std::vector<Ogre::String,std::allocator<Ogre::String>>' needs to have dll-interface to be used by clients of class 'OgreBites::ParamsPanel'
C:\Users\lucas\GameEngineDevelopment\ogre-sdk-v2.1\OgreMain\Include\OgreString.h(107): message : see declaration of 'std::vector<Ogre::String,std::allocator<Ogre::String>>'
C:\Users\lucas\GameEngineDevelopment\ogre-sdk-v2.1\Components\Bites\Include\OgreTrays.h(630,35): warning C4251: 'OgreBites::ParamsPanel::mValues': class 'std::vector<Ogre::String,std::allocator<Ogre::String>>' needs to have dll-interface to be used by clients of class 'OgreBites::ParamsPanel'
C:\Users\lucas\GameEngineDevelopment\ogre-sdk-v2.1\OgreMain\Include\OgreString.h(107): message : see declaration of 'std::vector<Ogre::String,std::allocator<Ogre::String>>'
C:\Users\lucas\GameEngineDevelopment\ogre-sdk-v2.1\Components\Bites\Include\OgreTrays.h(1165,27): warning C4251: 'OgreBites::TrayManager::mName': class 'std::basic_string<char,std::char_traits<char>,std::allocator<char>>' needs to have dll-interface to be used by clients of class 'OgreBites::TrayManager'
C:\Program Files (x86)\Microsoft Visual Studio\2019\Community\VC\Tools\MSVC\14.28.29333\include\xstring(4648): message : see declaration of 'std::basic_string<char,std::char_traits<char>,std::allocator<char>>'
C:\Users\lucas\GameEngineDevelopment\ogre-sdk-v2.1\Components\Bites\Include\OgreTrays.h(1173,32): warning C4251: 'OgreBites::TrayManager::mWidgets': class 'std::vector<OgreBites::Widget *,std::allocator<OgreBites::Widget *>>' needs to have dll-interface to be used by clients of class 'OgreBites::TrayManager'
C:\Users\lucas\GameEngineDevelopment\ogre-sdk-v2.1\Components\Bites\Include\OgreTrays.h(189): message : see declaration of 'std::vector<OgreBites::Widget *,std::allocator<OgreBites::Widget *>>'
C:\Users\lucas\GameEngineDevelopment\ogre-sdk-v2.1\Components\Bites\Include\OgreTrays.h(1174,35): warning C4251: 'OgreBites::TrayManager::mWidgetDeathRow': class 'std::vector<OgreBites::Widget *,std::allocator<OgreBites::Widget *>>' needs to have dll-interface to be used by clients of class 'OgreBites::TrayManager'
C:\Users\lucas\GameEngineDevelopment\ogre-sdk-v2.1\Components\Bites\Include\OgreTrays.h(189): message : see declaration of 'std::vector<OgreBites::Widget *,std::allocator<OgreBites::Widget *>>'
C:\Users\lucas\GameEngineDevelopment\ogre-sdk-v2.1\Components\Bites\Include\OgreTrays.h(1198,33): warning C4251: 'OgreBites::TrayManager::mCursorPos': class 'Ogre::Vector<2,Ogre::Real>' needs to have dll-interface to be used by clients of class 'OgreBites::TrayManager'
C:\Users\lucas\GameEngineDevelopment\ogre-sdk-v2.1\OgreMain\Include\OgrePrerequisites.h(252): message : see declaration of 'Ogre::Vector<2,Ogre::Real>'
C:\Users\lucas\Desktop\GBC College\Semester 05\Game Engine DEV\Game-Engine-Development---Assignment-1\OrgreTemplateV2\OrgreTemplateV2\UpdatableObjs.cpp(33,38): warning C4305: 'argument': truncation from 'double' to 'Ogre::Real'
  OrgreTemplateV2.vcxproj -> C:\Users\lucas\Desktop\GBC College\Semester 05\Game Engine DEV\Game-Engine-Development---Assignment-1\OrgreTemplateV2\OrgreTemplateV2\x64\Debug\OrgreTemplateV2.exe
